
/dev/rdisk0s2: fsck_hfs run at Mon Feb 25 16:45:28 2013
** /dev/rdisk0s2 (NO WRITE)
** Root file system
   Executing fsck_hfs (version diskdev_cmds-557~393).

/dev/rdisk0s2: fsck_hfs run at Mon Feb 25 16:46:17 2013
/dev/rdisk0s2: ** /dev/rdisk0s2 (NO WRITE)
/dev/rdisk0s2: ** Root file system
/dev/rdisk0s2:    Executing fsck_hfs (version diskdev_cmds-557~393).

/dev/rdisk1s2: fsck_hfs run at Mon Feb 25 16:46:17 2013
/dev/rdisk1s2: ** /dev/rdisk1s2 (NO WRITE)
/dev/rdisk1s2:    Executing fsck_hfs (version diskdev_cmds-557~393).
QUICKCHECK ONLY; FILESYSTEM CLEAN

/dev/rdisk0s3: fsck_hfs run at Mon Feb 25 16:46:18 2013
/dev/rdisk0s3: ** /dev/rdisk0s3 (NO WRITE)
/dev/rdisk0s3:    Executing fsck_hfs (version diskdev_cmds-557~393).
QUICKCHECK ONLY; FILESYSTEM CLEAN

/dev/rdisk1s2: fsck_hfs run at Mon Feb 25 16:48:26 2013
/dev/rdisk1s2: ** /dev/rdisk1s2 (NO WRITE)
/dev/rdisk1s2:    Executing fsck_hfs (version diskdev_cmds-557~393).
QUICKCHECK ONLY; FILESYSTEM CLEAN

/dev/rdisk2s1: fsck_hfs run at Mon Feb 25 16:59:59 2013
/dev/rdisk2s1: ** /dev/rdisk2s1 (NO WRITE)
/dev/rdisk2s1:    Executing fsck_hfs (version diskdev_cmds-557~393).
QUICKCHECK ONLY; FILESYSTEM CLEAN

/dev/rdisk2s1: fsck_hfs run at Mon Feb 25 17:00:00 2013
/dev/rdisk2s1: ** /dev/rdisk2s1 (NO WRITE)
/dev/rdisk2s1:    Executing fsck_hfs (version diskdev_cmds-557~393).
QUICKCHECK ONLY; FILESYSTEM CLEAN

/dev/rdisk0s2: fsck_hfs run at Mon Feb 25 17:34:23 2013
** /dev/rdisk0s2 (NO WRITE)
** Root file system
   Executing fsck_hfs (version diskdev_cmds-557~393).

/dev/rdisk0s2: fsck_hfs run at Mon Feb 25 17:35:14 2013
/dev/rdisk0s2: ** /dev/rdisk0s2 (NO WRITE)
/dev/rdisk0s2: ** Root file system
/dev/rdisk0s2:    Executing fsck_hfs (version diskdev_cmds-557~393).

/dev/rdisk0s3: fsck_hfs run at Mon Feb 25 17:35:14 2013
/dev/rdisk0s3: ** /dev/rdisk0s3 (NO WRITE)
/dev/rdisk0s3:    Executing fsck_hfs (version diskdev_cmds-557~393).
QUICKCHECK ONLY; FILESYSTEM CLEAN

/dev/rdisk1s2: fsck_hfs run at Tue Feb 26 11:46:46 2013
/dev/rdisk1s2: ** /dev/rdisk1s2 (NO WRITE)
/dev/rdisk1s2:    Executing fsck_hfs (version diskdev_cmds-557~393).
QUICKCHECK ONLY; FILESYSTEM CLEAN

/dev/rdisk2s2: fsck_hfs run at Tue Feb 26 11:59:52 2013
/dev/rdisk2s2: ** /dev/rdisk2s2 (NO WRITE)
/dev/rdisk2s2:    Executing fsck_hfs (version diskdev_cmds-557~393).
QUICKCHECK ONLY; FILESYSTEM CLEAN

/dev/rdisk2s2: fsck_hfs run at Tue Feb 26 11:59:52 2013
/dev/rdisk2s2: ** /dev/rdisk2s2 (NO WRITE)
/dev/rdisk2s2:    Executing fsck_hfs (version diskdev_cmds-557~393).
QUICKCHECK ONLY; FILESYSTEM CLEAN

/dev/rdisk2s2: fsck_hfs run at Tue Feb 26 12:04:00 2013
/dev/rdisk2s2: ** /dev/rdisk2s2 (NO WRITE)
/dev/rdisk2s2:    Executing fsck_hfs (version diskdev_cmds-557~393).
QUICKCHECK ONLY; FILESYSTEM CLEAN

/dev/rdisk2s2: fsck_hfs run at Tue Feb 26 12:04:00 2013
/dev/rdisk2s2: ** /dev/rdisk2s2 (NO WRITE)
/dev/rdisk2s2:    Executing fsck_hfs (version diskdev_cmds-557~393).
QUICKCHECK ONLY; FILESYSTEM CLEAN

/dev/rdisk0s2: fsck_hfs run at Wed Feb 27 10:05:55 2013
** /dev/rdisk0s2 (NO WRITE)
** Root file system
   Executing fsck_hfs (version diskdev_cmds-557~393).

/dev/rdisk0s2: fsck_hfs run at Wed Feb 27 10:06:30 2013
/dev/rdisk0s2: ** /dev/rdisk0s2 (NO WRITE)
/dev/rdisk0s2: ** Root file system
/dev/rdisk0s2:    Executing fsck_hfs (version diskdev_cmds-557~393).

/dev/rdisk0s3: fsck_hfs run at Wed Feb 27 10:06:31 2013
/dev/rdisk0s3: ** /dev/rdisk0s3 (NO WRITE)
/dev/rdisk0s3:    Executing fsck_hfs (version diskdev_cmds-557~393).
QUICKCHECK ONLY; FILESYSTEM CLEAN

/dev/rdisk1s2: fsck_hfs run at Wed Feb 27 10:07:20 2013
/dev/rdisk1s2: ** /dev/rdisk1s2 (NO WRITE)
/dev/rdisk1s2:    Executing fsck_hfs (version diskdev_cmds-557~393).
QUICKCHECK ONLY; FILESYSTEM CLEAN

/dev/rdisk1s2: fsck_hfs run at Wed Feb 27 10:07:20 2013
/dev/rdisk1s2: ** /dev/rdisk1s2 (NO WRITE)
/dev/rdisk1s2:    Executing fsck_hfs (version diskdev_cmds-557~393).
QUICKCHECK ONLY; FILESYSTEM CLEAN

/dev/rdisk0s2: fsck_hfs run at Thu Feb 28 11:34:16 2013
** /dev/rdisk0s2 (NO WRITE)
** Root file system
   Executing fsck_hfs (version diskdev_cmds-557~393).

/dev/rdisk0s2: fsck_hfs run at Thu Feb 28 11:34:46 2013
/dev/rdisk0s2: ** /dev/rdisk0s2 (NO WRITE)
/dev/rdisk0s2: ** Root file system
/dev/rdisk0s2:    Executing fsck_hfs (version diskdev_cmds-557~393).

/dev/rdisk0s3: fsck_hfs run at Thu Feb 28 11:34:48 2013
/dev/rdisk0s3: ** /dev/rdisk0s3 (NO WRITE)
/dev/rdisk0s3:    Executing fsck_hfs (version diskdev_cmds-557~393).
QUICKCHECK ONLY; FILESYSTEM CLEAN

/dev/rdisk1s2: fsck_hfs run at Mon Mar  4 10:46:41 2013
/dev/rdisk1s2: ** /dev/rdisk1s2 (NO WRITE)
/dev/rdisk1s2:    Executing fsck_hfs (version diskdev_cmds-557~393).
QUICKCHECK ONLY; FILESYSTEM CLEAN

/dev/rdisk1s2: fsck_hfs run at Mon Mar  4 10:46:41 2013
/dev/rdisk1s2: ** /dev/rdisk1s2 (NO WRITE)
/dev/rdisk1s2:    Executing fsck_hfs (version diskdev_cmds-557~393).
QUICKCHECK ONLY; FILESYSTEM CLEAN

/dev/rdisk1s2: fsck_hfs run at Tue Mar  5 17:39:34 2013
/dev/rdisk1s2: ** /dev/rdisk1s2 (NO WRITE)
/dev/rdisk1s2:    Executing fsck_hfs (version diskdev_cmds-557~393).
QUICKCHECK ONLY; FILESYSTEM CLEAN

/dev/rdisk1s2: fsck_hfs run at Tue Mar  5 17:39:35 2013
/dev/rdisk1s2: ** /dev/rdisk1s2 (NO WRITE)
/dev/rdisk1s2:    Executing fsck_hfs (version diskdev_cmds-557~393).
QUICKCHECK ONLY; FILESYSTEM CLEAN

/dev/rdisk1s2: fsck_hfs run at Wed Mar  6 14:19:19 2013
/dev/rdisk1s2: ** /dev/rdisk1s2 (NO WRITE)
/dev/rdisk1s2:    Executing fsck_hfs (version diskdev_cmds-557~393).
QUICKCHECK ONLY; FILESYSTEM CLEAN

/dev/rdisk1s2: fsck_hfs run at Wed Mar  6 14:19:19 2013
/dev/rdisk1s2: ** /dev/rdisk1s2 (NO WRITE)
/dev/rdisk1s2:    Executing fsck_hfs (version diskdev_cmds-557~393).
QUICKCHECK ONLY; FILESYSTEM CLEAN

/dev/rdisk1s2: fsck_hfs run at Thu Mar  7 10:30:23 2013
/dev/rdisk1s2: ** /dev/rdisk1s2 (NO WRITE)
/dev/rdisk1s2:    Executing fsck_hfs (version diskdev_cmds-557~393).
QUICKCHECK ONLY; FILESYSTEM CLEAN

/dev/rdisk1s2: fsck_hfs run at Thu Mar  7 10:30:23 2013
/dev/rdisk1s2: ** /dev/rdisk1s2 (NO WRITE)
/dev/rdisk1s2:    Executing fsck_hfs (version diskdev_cmds-557~393).
QUICKCHECK ONLY; FILESYSTEM CLEAN

/dev/rdisk2s3: fsck_hfs run at Thu Mar  7 10:30:39 2013
/dev/rdisk2s3: ** /dev/rdisk2s3 (NO WRITE)
/dev/rdisk2s3:    Executing fsck_hfs (version diskdev_cmds-557~393).
QUICKCHECK ONLY; FILESYSTEM CLEAN

/dev/rdisk2s3: fsck_hfs run at Thu Mar  7 10:30:40 2013
/dev/rdisk2s3: ** /dev/rdisk2s3 (NO WRITE)
/dev/rdisk2s3:    Executing fsck_hfs (version diskdev_cmds-557~393).
QUICKCHECK ONLY; FILESYSTEM CLEAN

/dev/rdisk1s2: fsck_hfs run at Thu Mar  7 12:22:11 2013
/dev/rdisk1s2: ** /dev/rdisk1s2 (NO WRITE)
/dev/rdisk1s2:    Executing fsck_hfs (version diskdev_cmds-557~393).
QUICKCHECK ONLY; FILESYSTEM CLEAN

/dev/rdisk1s2: fsck_hfs run at Thu Mar  7 12:22:11 2013
/dev/rdisk1s2: ** /dev/rdisk1s2 (NO WRITE)
/dev/rdisk1s2:    Executing fsck_hfs (version diskdev_cmds-557~393).
QUICKCHECK ONLY; FILESYSTEM CLEAN

/dev/rdisk1s2: fsck_hfs run at Thu Mar  7 12:22:19 2013
/dev/rdisk1s2: ** /dev/rdisk1s2 (NO WRITE)
/dev/rdisk1s2:    Executing fsck_hfs (version diskdev_cmds-557~393).
QUICKCHECK ONLY; FILESYSTEM CLEAN

/dev/rdisk1s2: fsck_hfs run at Thu Mar  7 12:22:19 2013
/dev/rdisk1s2: ** /dev/rdisk1s2 (NO WRITE)
/dev/rdisk1s2:    Executing fsck_hfs (version diskdev_cmds-557~393).
QUICKCHECK ONLY; FILESYSTEM CLEAN

/dev/rdisk1s2: fsck_hfs run at Thu Mar  7 12:22:21 2013
/dev/rdisk1s2: ** /dev/rdisk1s2 (NO WRITE)
/dev/rdisk1s2:    Executing fsck_hfs (version diskdev_cmds-557~393).
QUICKCHECK ONLY; FILESYSTEM CLEAN

/dev/rdisk1s2: fsck_hfs run at Thu Mar  7 12:22:21 2013
/dev/rdisk1s2: ** /dev/rdisk1s2 (NO WRITE)
/dev/rdisk1s2:    Executing fsck_hfs (version diskdev_cmds-557~393).
QUICKCHECK ONLY; FILESYSTEM CLEAN

/dev/rdisk1s2: fsck_hfs run at Thu Mar  7 12:22:24 2013
/dev/rdisk1s2: ** /dev/rdisk1s2 (NO WRITE)
/dev/rdisk1s2:    Executing fsck_hfs (version diskdev_cmds-557~393).
QUICKCHECK ONLY; FILESYSTEM CLEAN

/dev/rdisk1s2: fsck_hfs run at Thu Mar  7 12:22:24 2013
/dev/rdisk1s2: ** /dev/rdisk1s2 (NO WRITE)
/dev/rdisk1s2:    Executing fsck_hfs (version diskdev_cmds-557~393).
QUICKCHECK ONLY; FILESYSTEM CLEAN

/dev/rdisk1s2: fsck_hfs run at Thu Mar  7 12:22:27 2013
/dev/rdisk1s2: ** /dev/rdisk1s2 (NO WRITE)
/dev/rdisk1s2:    Executing fsck_hfs (version diskdev_cmds-557~393).
QUICKCHECK ONLY; FILESYSTEM CLEAN

/dev/rdisk1s2: fsck_hfs run at Thu Mar  7 12:22:27 2013
/dev/rdisk1s2: ** /dev/rdisk1s2 (NO WRITE)
/dev/rdisk1s2:    Executing fsck_hfs (version diskdev_cmds-557~393).
QUICKCHECK ONLY; FILESYSTEM CLEAN

/dev/rdisk1s2: fsck_hfs run at Thu Mar  7 12:22:32 2013
/dev/rdisk1s2: ** /dev/rdisk1s2 (NO WRITE)
/dev/rdisk1s2:    Executing fsck_hfs (version diskdev_cmds-557~393).
QUICKCHECK ONLY; FILESYSTEM CLEAN

/dev/rdisk1s2: fsck_hfs run at Thu Mar  7 12:22:32 2013
/dev/rdisk1s2: ** /dev/rdisk1s2 (NO WRITE)
/dev/rdisk1s2:    Executing fsck_hfs (version diskdev_cmds-557~393).
QUICKCHECK ONLY; FILESYSTEM CLEAN

/dev/rdisk1s2: fsck_hfs run at Thu Mar  7 12:22:36 2013
/dev/rdisk1s2: ** /dev/rdisk1s2 (NO WRITE)
/dev/rdisk1s2:    Executing fsck_hfs (version diskdev_cmds-557~393).
QUICKCHECK ONLY; FILESYSTEM CLEAN

/dev/rdisk1s2: fsck_hfs run at Thu Mar  7 12:22:36 2013
/dev/rdisk1s2: ** /dev/rdisk1s2 (NO WRITE)
/dev/rdisk1s2:    Executing fsck_hfs (version diskdev_cmds-557~393).
QUICKCHECK ONLY; FILESYSTEM CLEAN

/dev/rdisk1s2: fsck_hfs run at Thu Mar  7 12:22:43 2013
/dev/rdisk1s2: ** /dev/rdisk1s2 (NO WRITE)
/dev/rdisk1s2:    Executing fsck_hfs (version diskdev_cmds-557~393).
QUICKCHECK ONLY; FILESYSTEM CLEAN

/dev/rdisk1s2: fsck_hfs run at Thu Mar  7 12:22:43 2013
/dev/rdisk1s2: ** /dev/rdisk1s2 (NO WRITE)
/dev/rdisk1s2:    Executing fsck_hfs (version diskdev_cmds-557~393).
QUICKCHECK ONLY; FILESYSTEM CLEAN

/dev/rdisk1s2: fsck_hfs run at Thu Mar  7 12:22:50 2013
/dev/rdisk1s2: ** /dev/rdisk1s2 (NO WRITE)
/dev/rdisk1s2:    Executing fsck_hfs (version diskdev_cmds-557~393).
QUICKCHECK ONLY; FILESYSTEM CLEAN

/dev/rdisk1s2: fsck_hfs run at Thu Mar  7 12:22:50 2013
/dev/rdisk1s2: ** /dev/rdisk1s2 (NO WRITE)
/dev/rdisk1s2:    Executing fsck_hfs (version diskdev_cmds-557~393).
QUICKCHECK ONLY; FILESYSTEM CLEAN

/dev/rdisk1s2: fsck_hfs run at Thu Mar  7 12:22:53 2013
/dev/rdisk1s2: ** /dev/rdisk1s2 (NO WRITE)
/dev/rdisk1s2:    Executing fsck_hfs (version diskdev_cmds-557~393).
QUICKCHECK ONLY; FILESYSTEM CLEAN

/dev/rdisk1s2: fsck_hfs run at Thu Mar  7 12:22:53 2013
/dev/rdisk1s2: ** /dev/rdisk1s2 (NO WRITE)
/dev/rdisk1s2:    Executing fsck_hfs (version diskdev_cmds-557~393).
QUICKCHECK ONLY; FILESYSTEM CLEAN

/dev/rdisk1s2: fsck_hfs run at Thu Mar  7 12:22:56 2013
/dev/rdisk1s2: ** /dev/rdisk1s2 (NO WRITE)
/dev/rdisk1s2:    Executing fsck_hfs (version diskdev_cmds-557~393).
QUICKCHECK ONLY; FILESYSTEM CLEAN

/dev/rdisk1s2: fsck_hfs run at Thu Mar  7 12:22:56 2013
/dev/rdisk1s2: ** /dev/rdisk1s2 (NO WRITE)
/dev/rdisk1s2:    Executing fsck_hfs (version diskdev_cmds-557~393).
QUICKCHECK ONLY; FILESYSTEM CLEAN

/dev/rdisk1s2: fsck_hfs run at Thu Mar  7 12:22:59 2013
/dev/rdisk1s2: ** /dev/rdisk1s2 (NO WRITE)
/dev/rdisk1s2:    Executing fsck_hfs (version diskdev_cmds-557~393).
QUICKCHECK ONLY; FILESYSTEM CLEAN

/dev/rdisk1s2: fsck_hfs run at Thu Mar  7 12:22:59 2013
/dev/rdisk1s2: ** /dev/rdisk1s2 (NO WRITE)
/dev/rdisk1s2:    Executing fsck_hfs (version diskdev_cmds-557~393).
QUICKCHECK ONLY; FILESYSTEM CLEAN

/dev/rdisk1s2: fsck_hfs run at Thu Mar  7 12:23:04 2013
/dev/rdisk1s2: ** /dev/rdisk1s2 (NO WRITE)
/dev/rdisk1s2:    Executing fsck_hfs (version diskdev_cmds-557~393).
QUICKCHECK ONLY; FILESYSTEM CLEAN

/dev/rdisk1s2: fsck_hfs run at Thu Mar  7 12:23:04 2013
/dev/rdisk1s2: ** /dev/rdisk1s2 (NO WRITE)
/dev/rdisk1s2:    Executing fsck_hfs (version diskdev_cmds-557~393).
QUICKCHECK ONLY; FILESYSTEM CLEAN

/dev/rdisk1s2: fsck_hfs run at Thu Mar  7 12:23:09 2013
/dev/rdisk1s2: ** /dev/rdisk1s2 (NO WRITE)
/dev/rdisk1s2:    Executing fsck_hfs (version diskdev_cmds-557~393).
QUICKCHECK ONLY; FILESYSTEM CLEAN

/dev/rdisk1s2: fsck_hfs run at Thu Mar  7 12:23:09 2013
/dev/rdisk1s2: ** /dev/rdisk1s2 (NO WRITE)
/dev/rdisk1s2:    Executing fsck_hfs (version diskdev_cmds-557~393).
QUICKCHECK ONLY; FILESYSTEM CLEAN

/dev/rdisk1s2: fsck_hfs run at Thu Mar  7 12:23:14 2013
/dev/rdisk1s2: ** /dev/rdisk1s2 (NO WRITE)
/dev/rdisk1s2:    Executing fsck_hfs (version diskdev_cmds-557~393).
QUICKCHECK ONLY; FILESYSTEM CLEAN

/dev/rdisk1s2: fsck_hfs run at Thu Mar  7 12:23:14 2013
/dev/rdisk1s2: ** /dev/rdisk1s2 (NO WRITE)
/dev/rdisk1s2:    Executing fsck_hfs (version diskdev_cmds-557~393).
QUICKCHECK ONLY; FILESYSTEM CLEAN

/dev/rdisk1s2: fsck_hfs run at Thu Mar  7 12:23:36 2013
/dev/rdisk1s2: ** /dev/rdisk1s2 (NO WRITE)
/dev/rdisk1s2:    Executing fsck_hfs (version diskdev_cmds-557~393).
QUICKCHECK ONLY; FILESYSTEM CLEAN

/dev/rdisk1s2: fsck_hfs run at Thu Mar  7 12:23:36 2013
/dev/rdisk1s2: ** /dev/rdisk1s2 (NO WRITE)
/dev/rdisk1s2:    Executing fsck_hfs (version diskdev_cmds-557~393).
QUICKCHECK ONLY; FILESYSTEM CLEAN

/dev/rdisk1s2: fsck_hfs run at Thu Mar  7 12:23:54 2013
/dev/rdisk1s2: ** /dev/rdisk1s2 (NO WRITE)
/dev/rdisk1s2:    Executing fsck_hfs (version diskdev_cmds-557~393).
QUICKCHECK ONLY; FILESYSTEM CLEAN

/dev/rdisk1s2: fsck_hfs run at Thu Mar  7 12:23:54 2013
/dev/rdisk1s2: ** /dev/rdisk1s2 (NO WRITE)
/dev/rdisk1s2:    Executing fsck_hfs (version diskdev_cmds-557~393).
QUICKCHECK ONLY; FILESYSTEM CLEAN

/dev/rdisk1s2: fsck_hfs run at Thu Mar  7 12:24:00 2013
/dev/rdisk1s2: ** /dev/rdisk1s2 (NO WRITE)
/dev/rdisk1s2:    Executing fsck_hfs (version diskdev_cmds-557~393).
QUICKCHECK ONLY; FILESYSTEM CLEAN

/dev/rdisk1s2: fsck_hfs run at Thu Mar  7 12:24:00 2013
/dev/rdisk1s2: ** /dev/rdisk1s2 (NO WRITE)
/dev/rdisk1s2:    Executing fsck_hfs (version diskdev_cmds-557~393).
QUICKCHECK ONLY; FILESYSTEM CLEAN

/dev/rdisk1s2: fsck_hfs run at Thu Mar  7 12:24:02 2013
/dev/rdisk1s2: ** /dev/rdisk1s2 (NO WRITE)
/dev/rdisk1s2:    Executing fsck_hfs (version diskdev_cmds-557~393).
QUICKCHECK ONLY; FILESYSTEM CLEAN

/dev/rdisk1s2: fsck_hfs run at Thu Mar  7 12:24:03 2013
/dev/rdisk1s2: ** /dev/rdisk1s2 (NO WRITE)
/dev/rdisk1s2:    Executing fsck_hfs (version diskdev_cmds-557~393).
QUICKCHECK ONLY; FILESYSTEM CLEAN

/dev/rdisk1s2: fsck_hfs run at Thu Mar  7 12:24:05 2013
/dev/rdisk1s2: ** /dev/rdisk1s2 (NO WRITE)
/dev/rdisk1s2:    Executing fsck_hfs (version diskdev_cmds-557~393).
QUICKCHECK ONLY; FILESYSTEM CLEAN

/dev/rdisk1s2: fsck_hfs run at Thu Mar  7 12:24:05 2013
/dev/rdisk1s2: ** /dev/rdisk1s2 (NO WRITE)
/dev/rdisk1s2:    Executing fsck_hfs (version diskdev_cmds-557~393).
QUICKCHECK ONLY; FILESYSTEM CLEAN

/dev/rdisk1s2: fsck_hfs run at Thu Mar  7 12:24:12 2013
/dev/rdisk1s2: ** /dev/rdisk1s2 (NO WRITE)
/dev/rdisk1s2:    Executing fsck_hfs (version diskdev_cmds-557~393).
QUICKCHECK ONLY; FILESYSTEM CLEAN

/dev/rdisk1s2: fsck_hfs run at Thu Mar  7 12:24:12 2013
/dev/rdisk1s2: ** /dev/rdisk1s2 (NO WRITE)
/dev/rdisk1s2:    Executing fsck_hfs (version diskdev_cmds-557~393).
QUICKCHECK ONLY; FILESYSTEM CLEAN

/dev/rdisk1s2: fsck_hfs run at Thu Mar  7 12:24:14 2013
/dev/rdisk1s2: ** /dev/rdisk1s2 (NO WRITE)
/dev/rdisk1s2:    Executing fsck_hfs (version diskdev_cmds-557~393).
QUICKCHECK ONLY; FILESYSTEM CLEAN

/dev/rdisk1s2: fsck_hfs run at Thu Mar  7 12:24:14 2013
/dev/rdisk1s2: ** /dev/rdisk1s2 (NO WRITE)
/dev/rdisk1s2:    Executing fsck_hfs (version diskdev_cmds-557~393).
QUICKCHECK ONLY; FILESYSTEM CLEAN

/dev/rdisk1s2: fsck_hfs run at Thu Mar  7 12:24:17 2013
/dev/rdisk1s2: ** /dev/rdisk1s2 (NO WRITE)
/dev/rdisk1s2:    Executing fsck_hfs (version diskdev_cmds-557~393).
QUICKCHECK ONLY; FILESYSTEM CLEAN

/dev/rdisk1s2: fsck_hfs run at Thu Mar  7 12:24:17 2013
/dev/rdisk1s2: ** /dev/rdisk1s2 (NO WRITE)
/dev/rdisk1s2:    Executing fsck_hfs (version diskdev_cmds-557~393).
QUICKCHECK ONLY; FILESYSTEM CLEAN

/dev/rdisk1s2: fsck_hfs run at Thu Mar  7 12:24:19 2013
/dev/rdisk1s2: ** /dev/rdisk1s2 (NO WRITE)
/dev/rdisk1s2:    Executing fsck_hfs (version diskdev_cmds-557~393).
QUICKCHECK ONLY; FILESYSTEM CLEAN

/dev/rdisk1s2: fsck_hfs run at Thu Mar  7 12:24:19 2013
/dev/rdisk1s2: ** /dev/rdisk1s2 (NO WRITE)
/dev/rdisk1s2:    Executing fsck_hfs (version diskdev_cmds-557~393).
QUICKCHECK ONLY; FILESYSTEM CLEAN

/dev/rdisk1s2: fsck_hfs run at Thu Mar  7 12:24:22 2013
/dev/rdisk1s2: ** /dev/rdisk1s2 (NO WRITE)
/dev/rdisk1s2:    Executing fsck_hfs (version diskdev_cmds-557~393).
QUICKCHECK ONLY; FILESYSTEM CLEAN

/dev/rdisk1s2: fsck_hfs run at Thu Mar  7 12:24:22 2013
/dev/rdisk1s2: ** /dev/rdisk1s2 (NO WRITE)
/dev/rdisk1s2:    Executing fsck_hfs (version diskdev_cmds-557~393).
QUICKCHECK ONLY; FILESYSTEM CLEAN

/dev/rdisk1s2: fsck_hfs run at Thu Mar  7 12:24:25 2013
/dev/rdisk1s2: ** /dev/rdisk1s2 (NO WRITE)
/dev/rdisk1s2:    Executing fsck_hfs (version diskdev_cmds-557~393).
QUICKCHECK ONLY; FILESYSTEM CLEAN

/dev/rdisk1s2: fsck_hfs run at Thu Mar  7 12:24:25 2013
/dev/rdisk1s2: ** /dev/rdisk1s2 (NO WRITE)
/dev/rdisk1s2:    Executing fsck_hfs (version diskdev_cmds-557~393).
QUICKCHECK ONLY; FILESYSTEM CLEAN

/dev/rdisk1s2: fsck_hfs run at Thu Mar  7 12:24:27 2013
/dev/rdisk1s2: ** /dev/rdisk1s2 (NO WRITE)
/dev/rdisk1s2:    Executing fsck_hfs (version diskdev_cmds-557~393).
QUICKCHECK ONLY; FILESYSTEM CLEAN

/dev/rdisk1s2: fsck_hfs run at Thu Mar  7 12:24:27 2013
/dev/rdisk1s2: ** /dev/rdisk1s2 (NO WRITE)
/dev/rdisk1s2:    Executing fsck_hfs (version diskdev_cmds-557~393).
QUICKCHECK ONLY; FILESYSTEM CLEAN

/dev/rdisk1s2: fsck_hfs run at Thu Mar  7 12:24:30 2013
/dev/rdisk1s2: ** /dev/rdisk1s2 (NO WRITE)
/dev/rdisk1s2:    Executing fsck_hfs (version diskdev_cmds-557~393).
QUICKCHECK ONLY; FILESYSTEM CLEAN

/dev/rdisk1s2: fsck_hfs run at Thu Mar  7 12:24:30 2013
/dev/rdisk1s2: ** /dev/rdisk1s2 (NO WRITE)
/dev/rdisk1s2:    Executing fsck_hfs (version diskdev_cmds-557~393).
QUICKCHECK ONLY; FILESYSTEM CLEAN

/dev/rdisk1s2: fsck_hfs run at Thu Mar  7 12:24:34 2013
/dev/rdisk1s2: ** /dev/rdisk1s2 (NO WRITE)
/dev/rdisk1s2:    Executing fsck_hfs (version diskdev_cmds-557~393).
QUICKCHECK ONLY; FILESYSTEM CLEAN

/dev/rdisk1s2: fsck_hfs run at Thu Mar  7 12:24:34 2013
/dev/rdisk1s2: ** /dev/rdisk1s2 (NO WRITE)
/dev/rdisk1s2:    Executing fsck_hfs (version diskdev_cmds-557~393).
QUICKCHECK ONLY; FILESYSTEM CLEAN

/dev/rdisk1s2: fsck_hfs run at Thu Mar  7 12:24:37 2013
/dev/rdisk1s2: ** /dev/rdisk1s2 (NO WRITE)
/dev/rdisk1s2:    Executing fsck_hfs (version diskdev_cmds-557~393).
QUICKCHECK ONLY; FILESYSTEM CLEAN

/dev/rdisk1s2: fsck_hfs run at Thu Mar  7 12:24:37 2013
/dev/rdisk1s2: ** /dev/rdisk1s2 (NO WRITE)
/dev/rdisk1s2:    Executing fsck_hfs (version diskdev_cmds-557~393).
QUICKCHECK ONLY; FILESYSTEM CLEAN

/dev/rdisk1s2: fsck_hfs run at Thu Mar  7 12:24:40 2013
/dev/rdisk1s2: ** /dev/rdisk1s2 (NO WRITE)
/dev/rdisk1s2:    Executing fsck_hfs (version diskdev_cmds-557~393).
QUICKCHECK ONLY; FILESYSTEM CLEAN

/dev/rdisk1s2: fsck_hfs run at Thu Mar  7 12:24:40 2013
/dev/rdisk1s2: ** /dev/rdisk1s2 (NO WRITE)
/dev/rdisk1s2:    Executing fsck_hfs (version diskdev_cmds-557~393).
QUICKCHECK ONLY; FILESYSTEM CLEAN

/dev/rdisk1s2: fsck_hfs run at Thu Mar  7 12:24:42 2013
/dev/rdisk1s2: ** /dev/rdisk1s2 (NO WRITE)
/dev/rdisk1s2:    Executing fsck_hfs (version diskdev_cmds-557~393).
QUICKCHECK ONLY; FILESYSTEM CLEAN

/dev/rdisk1s2: fsck_hfs run at Thu Mar  7 12:24:42 2013
/dev/rdisk1s2: ** /dev/rdisk1s2 (NO WRITE)
/dev/rdisk1s2:    Executing fsck_hfs (version diskdev_cmds-557~393).
QUICKCHECK ONLY; FILESYSTEM CLEAN

/dev/rdisk1s2: fsck_hfs run at Thu Mar  7 12:24:44 2013
/dev/rdisk1s2: ** /dev/rdisk1s2 (NO WRITE)
/dev/rdisk1s2:    Executing fsck_hfs (version diskdev_cmds-557~393).
QUICKCHECK ONLY; FILESYSTEM CLEAN

/dev/rdisk1s2: fsck_hfs run at Thu Mar  7 12:24:45 2013
/dev/rdisk1s2: ** /dev/rdisk1s2 (NO WRITE)
/dev/rdisk1s2:    Executing fsck_hfs (version diskdev_cmds-557~393).
QUICKCHECK ONLY; FILESYSTEM CLEAN

/dev/rdisk1s2: fsck_hfs run at Thu Mar  7 12:24:47 2013
/dev/rdisk1s2: ** /dev/rdisk1s2 (NO WRITE)
/dev/rdisk1s2:    Executing fsck_hfs (version diskdev_cmds-557~393).
QUICKCHECK ONLY; FILESYSTEM CLEAN

/dev/rdisk1s2: fsck_hfs run at Thu Mar  7 12:24:47 2013
/dev/rdisk1s2: ** /dev/rdisk1s2 (NO WRITE)
/dev/rdisk1s2:    Executing fsck_hfs (version diskdev_cmds-557~393).
QUICKCHECK ONLY; FILESYSTEM CLEAN

/dev/rdisk1s2: fsck_hfs run at Thu Mar  7 12:24:50 2013
/dev/rdisk1s2: ** /dev/rdisk1s2 (NO WRITE)
/dev/rdisk1s2:    Executing fsck_hfs (version diskdev_cmds-557~393).
QUICKCHECK ONLY; FILESYSTEM CLEAN

/dev/rdisk1s2: fsck_hfs run at Thu Mar  7 12:24:50 2013
/dev/rdisk1s2: ** /dev/rdisk1s2 (NO WRITE)
/dev/rdisk1s2:    Executing fsck_hfs (version diskdev_cmds-557~393).
QUICKCHECK ONLY; FILESYSTEM CLEAN

/dev/rdisk1s2: fsck_hfs run at Thu Mar  7 12:25:01 2013
/dev/rdisk1s2: ** /dev/rdisk1s2 (NO WRITE)
/dev/rdisk1s2:    Executing fsck_hfs (version diskdev_cmds-557~393).
QUICKCHECK ONLY; FILESYSTEM CLEAN

/dev/rdisk1s2: fsck_hfs run at Thu Mar  7 12:25:01 2013
/dev/rdisk1s2: ** /dev/rdisk1s2 (NO WRITE)
/dev/rdisk1s2:    Executing fsck_hfs (version diskdev_cmds-557~393).
QUICKCHECK ONLY; FILESYSTEM CLEAN

/dev/rdisk1s2: fsck_hfs run at Thu Mar  7 12:25:27 2013
/dev/rdisk1s2: ** /dev/rdisk1s2 (NO WRITE)
/dev/rdisk1s2:    Executing fsck_hfs (version diskdev_cmds-557~393).
QUICKCHECK ONLY; FILESYSTEM CLEAN

/dev/rdisk1s2: fsck_hfs run at Thu Mar  7 12:25:27 2013
/dev/rdisk1s2: ** /dev/rdisk1s2 (NO WRITE)
/dev/rdisk1s2:    Executing fsck_hfs (version diskdev_cmds-557~393).
QUICKCHECK ONLY; FILESYSTEM CLEAN

/dev/rdisk1s2: fsck_hfs run at Thu Mar  7 12:25:29 2013
/dev/rdisk1s2: ** /dev/rdisk1s2 (NO WRITE)
/dev/rdisk1s2:    Executing fsck_hfs (version diskdev_cmds-557~393).
QUICKCHECK ONLY; FILESYSTEM CLEAN

/dev/rdisk1s2: fsck_hfs run at Thu Mar  7 12:25:29 2013
/dev/rdisk1s2: ** /dev/rdisk1s2 (NO WRITE)
/dev/rdisk1s2:    Executing fsck_hfs (version diskdev_cmds-557~393).
QUICKCHECK ONLY; FILESYSTEM CLEAN

/dev/rdisk1s2: fsck_hfs run at Thu Mar  7 12:25:31 2013
/dev/rdisk1s2: ** /dev/rdisk1s2 (NO WRITE)
/dev/rdisk1s2:    Executing fsck_hfs (version diskdev_cmds-557~393).
QUICKCHECK ONLY; FILESYSTEM CLEAN

/dev/rdisk1s2: fsck_hfs run at Thu Mar  7 12:25:31 2013
/dev/rdisk1s2: ** /dev/rdisk1s2 (NO WRITE)
/dev/rdisk1s2:    Executing fsck_hfs (version diskdev_cmds-557~393).
QUICKCHECK ONLY; FILESYSTEM CLEAN

/dev/rdisk1s2: fsck_hfs run at Thu Mar  7 12:25:33 2013
/dev/rdisk1s2: ** /dev/rdisk1s2 (NO WRITE)
/dev/rdisk1s2:    Executing fsck_hfs (version diskdev_cmds-557~393).
QUICKCHECK ONLY; FILESYSTEM CLEAN

/dev/rdisk1s2: fsck_hfs run at Thu Mar  7 12:25:33 2013
/dev/rdisk1s2: ** /dev/rdisk1s2 (NO WRITE)
/dev/rdisk1s2:    Executing fsck_hfs (version diskdev_cmds-557~393).
QUICKCHECK ONLY; FILESYSTEM CLEAN

/dev/rdisk1s2: fsck_hfs run at Thu Mar  7 12:25:35 2013
/dev/rdisk1s2: ** /dev/rdisk1s2 (NO WRITE)
/dev/rdisk1s2:    Executing fsck_hfs (version diskdev_cmds-557~393).
QUICKCHECK ONLY; FILESYSTEM CLEAN

/dev/rdisk1s2: fsck_hfs run at Thu Mar  7 12:25:35 2013
/dev/rdisk1s2: ** /dev/rdisk1s2 (NO WRITE)
/dev/rdisk1s2:    Executing fsck_hfs (version diskdev_cmds-557~393).
QUICKCHECK ONLY; FILESYSTEM CLEAN

/dev/rdisk1s2: fsck_hfs run at Thu Mar  7 12:25:38 2013
/dev/rdisk1s2: ** /dev/rdisk1s2 (NO WRITE)
/dev/rdisk1s2:    Executing fsck_hfs (version diskdev_cmds-557~393).
QUICKCHECK ONLY; FILESYSTEM CLEAN

/dev/rdisk1s2: fsck_hfs run at Thu Mar  7 12:25:38 2013
/dev/rdisk1s2: ** /dev/rdisk1s2 (NO WRITE)
/dev/rdisk1s2:    Executing fsck_hfs (version diskdev_cmds-557~393).
QUICKCHECK ONLY; FILESYSTEM CLEAN

/dev/rdisk1s2: fsck_hfs run at Thu Mar  7 12:25:47 2013
/dev/rdisk1s2: ** /dev/rdisk1s2 (NO WRITE)
/dev/rdisk1s2:    Executing fsck_hfs (version diskdev_cmds-557~393).
QUICKCHECK ONLY; FILESYSTEM CLEAN

/dev/rdisk1s2: fsck_hfs run at Thu Mar  7 12:25:47 2013
/dev/rdisk1s2: ** /dev/rdisk1s2 (NO WRITE)
/dev/rdisk1s2:    Executing fsck_hfs (version diskdev_cmds-557~393).
QUICKCHECK ONLY; FILESYSTEM CLEAN

/dev/rdisk1s2: fsck_hfs run at Thu Mar  7 12:25:55 2013
/dev/rdisk1s2: ** /dev/rdisk1s2 (NO WRITE)
/dev/rdisk1s2:    Executing fsck_hfs (version diskdev_cmds-557~393).
QUICKCHECK ONLY; FILESYSTEM CLEAN

/dev/rdisk1s2: fsck_hfs run at Thu Mar  7 12:25:55 2013
/dev/rdisk1s2: ** /dev/rdisk1s2 (NO WRITE)
/dev/rdisk1s2:    Executing fsck_hfs (version diskdev_cmds-557~393).
QUICKCHECK ONLY; FILESYSTEM CLEAN

/dev/rdisk1s2: fsck_hfs run at Thu Mar  7 12:26:00 2013
/dev/rdisk1s2: ** /dev/rdisk1s2 (NO WRITE)
/dev/rdisk1s2:    Executing fsck_hfs (version diskdev_cmds-557~393).
QUICKCHECK ONLY; FILESYSTEM CLEAN

/dev/rdisk1s2: fsck_hfs run at Thu Mar  7 12:26:00 2013
/dev/rdisk1s2: ** /dev/rdisk1s2 (NO WRITE)
/dev/rdisk1s2:    Executing fsck_hfs (version diskdev_cmds-557~393).
QUICKCHECK ONLY; FILESYSTEM CLEAN

/dev/rdisk1s2: fsck_hfs run at Thu Mar  7 12:26:14 2013
/dev/rdisk1s2: ** /dev/rdisk1s2 (NO WRITE)
/dev/rdisk1s2:    Executing fsck_hfs (version diskdev_cmds-557~393).
QUICKCHECK ONLY; FILESYSTEM CLEAN

/dev/rdisk1s2: fsck_hfs run at Thu Mar  7 12:26:14 2013
/dev/rdisk1s2: ** /dev/rdisk1s2 (NO WRITE)
/dev/rdisk1s2:    Executing fsck_hfs (version diskdev_cmds-557~393).
QUICKCHECK ONLY; FILESYSTEM CLEAN

/dev/rdisk1s2: fsck_hfs run at Thu Mar  7 12:26:28 2013
/dev/rdisk1s2: ** /dev/rdisk1s2 (NO WRITE)
/dev/rdisk1s2:    Executing fsck_hfs (version diskdev_cmds-557~393).
QUICKCHECK ONLY; FILESYSTEM CLEAN

/dev/rdisk1s2: fsck_hfs run at Thu Mar  7 12:26:28 2013
/dev/rdisk1s2: ** /dev/rdisk1s2 (NO WRITE)
/dev/rdisk1s2:    Executing fsck_hfs (version diskdev_cmds-557~393).
QUICKCHECK ONLY; FILESYSTEM CLEAN

/dev/rdisk1s2: fsck_hfs run at Thu Mar  7 12:26:32 2013
/dev/rdisk1s2: ** /dev/rdisk1s2 (NO WRITE)
/dev/rdisk1s2:    Executing fsck_hfs (version diskdev_cmds-557~393).
QUICKCHECK ONLY; FILESYSTEM CLEAN

/dev/rdisk1s2: fsck_hfs run at Thu Mar  7 12:26:32 2013
/dev/rdisk1s2: ** /dev/rdisk1s2 (NO WRITE)
/dev/rdisk1s2:    Executing fsck_hfs (version diskdev_cmds-557~393).
QUICKCHECK ONLY; FILESYSTEM CLEAN

/dev/rdisk1s2: fsck_hfs run at Thu Mar  7 12:27:00 2013
/dev/rdisk1s2: ** /dev/rdisk1s2 (NO WRITE)
/dev/rdisk1s2:    Executing fsck_hfs (version diskdev_cmds-557~393).
QUICKCHECK ONLY; FILESYSTEM CLEAN

/dev/rdisk1s2: fsck_hfs run at Thu Mar  7 12:27:00 2013
/dev/rdisk1s2: ** /dev/rdisk1s2 (NO WRITE)
/dev/rdisk1s2:    Executing fsck_hfs (version diskdev_cmds-557~393).
QUICKCHECK ONLY; FILESYSTEM CLEAN

/dev/rdisk1s2: fsck_hfs run at Thu Mar  7 12:27:02 2013
/dev/rdisk1s2: ** /dev/rdisk1s2 (NO WRITE)
/dev/rdisk1s2:    Executing fsck_hfs (version diskdev_cmds-557~393).
QUICKCHECK ONLY; FILESYSTEM CLEAN

/dev/rdisk1s2: fsck_hfs run at Thu Mar  7 12:27:02 2013
/dev/rdisk1s2: ** /dev/rdisk1s2 (NO WRITE)
/dev/rdisk1s2:    Executing fsck_hfs (version diskdev_cmds-557~393).
QUICKCHECK ONLY; FILESYSTEM CLEAN

/dev/rdisk1s2: fsck_hfs run at Thu Mar  7 12:27:44 2013
/dev/rdisk1s2: ** /dev/rdisk1s2 (NO WRITE)
/dev/rdisk1s2:    Executing fsck_hfs (version diskdev_cmds-557~393).
QUICKCHECK ONLY; FILESYSTEM CLEAN

/dev/rdisk1s2: fsck_hfs run at Thu Mar  7 12:27:44 2013
/dev/rdisk1s2: ** /dev/rdisk1s2 (NO WRITE)
/dev/rdisk1s2:    Executing fsck_hfs (version diskdev_cmds-557~393).
QUICKCHECK ONLY; FILESYSTEM CLEAN

/dev/rdisk1s2: fsck_hfs run at Thu Mar  7 12:28:31 2013
/dev/rdisk1s2: ** /dev/rdisk1s2 (NO WRITE)
/dev/rdisk1s2:    Executing fsck_hfs (version diskdev_cmds-557~393).
QUICKCHECK ONLY; FILESYSTEM CLEAN

/dev/rdisk1s2: fsck_hfs run at Thu Mar  7 12:28:31 2013
/dev/rdisk1s2: ** /dev/rdisk1s2 (NO WRITE)
/dev/rdisk1s2:    Executing fsck_hfs (version diskdev_cmds-557~393).
QUICKCHECK ONLY; FILESYSTEM CLEAN

/dev/rdisk1s2: fsck_hfs run at Thu Mar  7 12:28:33 2013
/dev/rdisk1s2: ** /dev/rdisk1s2 (NO WRITE)
/dev/rdisk1s2:    Executing fsck_hfs (version diskdev_cmds-557~393).
QUICKCHECK ONLY; FILESYSTEM CLEAN

/dev/rdisk1s2: fsck_hfs run at Thu Mar  7 12:28:33 2013
/dev/rdisk1s2: ** /dev/rdisk1s2 (NO WRITE)
/dev/rdisk1s2:    Executing fsck_hfs (version diskdev_cmds-557~393).
QUICKCHECK ONLY; FILESYSTEM CLEAN

/dev/rdisk1s2: fsck_hfs run at Thu Mar  7 12:28:35 2013
/dev/rdisk1s2: ** /dev/rdisk1s2 (NO WRITE)
/dev/rdisk1s2:    Executing fsck_hfs (version diskdev_cmds-557~393).
QUICKCHECK ONLY; FILESYSTEM CLEAN

/dev/rdisk1s2: fsck_hfs run at Thu Mar  7 12:28:35 2013
/dev/rdisk1s2: ** /dev/rdisk1s2 (NO WRITE)
/dev/rdisk1s2:    Executing fsck_hfs (version diskdev_cmds-557~393).
QUICKCHECK ONLY; FILESYSTEM CLEAN

/dev/rdisk1s2: fsck_hfs run at Thu Mar  7 12:28:37 2013
/dev/rdisk1s2: ** /dev/rdisk1s2 (NO WRITE)
/dev/rdisk1s2:    Executing fsck_hfs (version diskdev_cmds-557~393).
QUICKCHECK ONLY; FILESYSTEM CLEAN

/dev/rdisk1s2: fsck_hfs run at Thu Mar  7 12:28:37 2013
/dev/rdisk1s2: ** /dev/rdisk1s2 (NO WRITE)
/dev/rdisk1s2:    Executing fsck_hfs (version diskdev_cmds-557~393).
QUICKCHECK ONLY; FILESYSTEM CLEAN

/dev/rdisk1s2: fsck_hfs run at Thu Mar  7 12:28:39 2013
/dev/rdisk1s2: ** /dev/rdisk1s2 (NO WRITE)
/dev/rdisk1s2:    Executing fsck_hfs (version diskdev_cmds-557~393).
QUICKCHECK ONLY; FILESYSTEM CLEAN

/dev/rdisk1s2: fsck_hfs run at Thu Mar  7 12:28:39 2013
/dev/rdisk1s2: ** /dev/rdisk1s2 (NO WRITE)
/dev/rdisk1s2:    Executing fsck_hfs (version diskdev_cmds-557~393).
QUICKCHECK ONLY; FILESYSTEM CLEAN

/dev/rdisk1s2: fsck_hfs run at Thu Mar  7 12:28:42 2013
/dev/rdisk1s2: ** /dev/rdisk1s2 (NO WRITE)
/dev/rdisk1s2:    Executing fsck_hfs (version diskdev_cmds-557~393).
QUICKCHECK ONLY; FILESYSTEM CLEAN

/dev/rdisk1s2: fsck_hfs run at Thu Mar  7 12:28:42 2013
/dev/rdisk1s2: ** /dev/rdisk1s2 (NO WRITE)
/dev/rdisk1s2:    Executing fsck_hfs (version diskdev_cmds-557~393).
QUICKCHECK ONLY; FILESYSTEM CLEAN

/dev/rdisk1s2: fsck_hfs run at Thu Mar  7 12:28:57 2013
/dev/rdisk1s2: ** /dev/rdisk1s2 (NO WRITE)
/dev/rdisk1s2:    Executing fsck_hfs (version diskdev_cmds-557~393).
QUICKCHECK ONLY; FILESYSTEM CLEAN

/dev/rdisk1s2: fsck_hfs run at Thu Mar  7 12:28:57 2013
/dev/rdisk1s2: ** /dev/rdisk1s2 (NO WRITE)
/dev/rdisk1s2:    Executing fsck_hfs (version diskdev_cmds-557~393).
QUICKCHECK ONLY; FILESYSTEM CLEAN

/dev/rdisk1s2: fsck_hfs run at Thu Mar  7 12:29:00 2013
/dev/rdisk1s2: ** /dev/rdisk1s2 (NO WRITE)
/dev/rdisk1s2:    Executing fsck_hfs (version diskdev_cmds-557~393).
QUICKCHECK ONLY; FILESYSTEM CLEAN

/dev/rdisk1s2: fsck_hfs run at Thu Mar  7 12:29:00 2013
/dev/rdisk1s2: ** /dev/rdisk1s2 (NO WRITE)
/dev/rdisk1s2:    Executing fsck_hfs (version diskdev_cmds-557~393).
QUICKCHECK ONLY; FILESYSTEM CLEAN

/dev/rdisk1s2: fsck_hfs run at Thu Mar  7 12:29:03 2013
/dev/rdisk1s2: ** /dev/rdisk1s2 (NO WRITE)
/dev/rdisk1s2:    Executing fsck_hfs (version diskdev_cmds-557~393).
QUICKCHECK ONLY; FILESYSTEM CLEAN

/dev/rdisk1s2: fsck_hfs run at Thu Mar  7 12:29:03 2013
/dev/rdisk1s2: ** /dev/rdisk1s2 (NO WRITE)
/dev/rdisk1s2:    Executing fsck_hfs (version diskdev_cmds-557~393).
QUICKCHECK ONLY; FILESYSTEM CLEAN

/dev/rdisk1s2: fsck_hfs run at Thu Mar  7 12:30:33 2013
/dev/rdisk1s2: ** /dev/rdisk1s2 (NO WRITE)
/dev/rdisk1s2:    Executing fsck_hfs (version diskdev_cmds-557~393).
QUICKCHECK ONLY; FILESYSTEM CLEAN

/dev/rdisk1s2: fsck_hfs run at Thu Mar  7 12:30:33 2013
/dev/rdisk1s2: ** /dev/rdisk1s2 (NO WRITE)
/dev/rdisk1s2:    Executing fsck_hfs (version diskdev_cmds-557~393).
QUICKCHECK ONLY; FILESYSTEM CLEAN

/dev/rdisk1s2: fsck_hfs run at Thu Mar  7 12:31:10 2013
/dev/rdisk1s2: ** /dev/rdisk1s2 (NO WRITE)
/dev/rdisk1s2:    Executing fsck_hfs (version diskdev_cmds-557~393).
QUICKCHECK ONLY; FILESYSTEM CLEAN

/dev/rdisk1s2: fsck_hfs run at Thu Mar  7 12:31:10 2013
/dev/rdisk1s2: ** /dev/rdisk1s2 (NO WRITE)
/dev/rdisk1s2:    Executing fsck_hfs (version diskdev_cmds-557~393).
QUICKCHECK ONLY; FILESYSTEM CLEAN

/dev/rdisk1s2: fsck_hfs run at Thu Mar  7 12:31:13 2013
/dev/rdisk1s2: ** /dev/rdisk1s2 (NO WRITE)
/dev/rdisk1s2:    Executing fsck_hfs (version diskdev_cmds-557~393).
QUICKCHECK ONLY; FILESYSTEM CLEAN

/dev/rdisk1s2: fsck_hfs run at Thu Mar  7 12:31:13 2013
/dev/rdisk1s2: ** /dev/rdisk1s2 (NO WRITE)
/dev/rdisk1s2:    Executing fsck_hfs (version diskdev_cmds-557~393).
QUICKCHECK ONLY; FILESYSTEM CLEAN

/dev/rdisk1s2: fsck_hfs run at Thu Mar  7 12:31:57 2013
/dev/rdisk1s2: ** /dev/rdisk1s2 (NO WRITE)
/dev/rdisk1s2:    Executing fsck_hfs (version diskdev_cmds-557~393).
QUICKCHECK ONLY; FILESYSTEM CLEAN

/dev/rdisk1s2: fsck_hfs run at Thu Mar  7 12:31:57 2013
/dev/rdisk1s2: ** /dev/rdisk1s2 (NO WRITE)
/dev/rdisk1s2:    Executing fsck_hfs (version diskdev_cmds-557~393).
QUICKCHECK ONLY; FILESYSTEM CLEAN

/dev/rdisk1s2: fsck_hfs run at Thu Mar  7 12:32:00 2013
/dev/rdisk1s2: ** /dev/rdisk1s2 (NO WRITE)
/dev/rdisk1s2:    Executing fsck_hfs (version diskdev_cmds-557~393).
QUICKCHECK ONLY; FILESYSTEM CLEAN

/dev/rdisk1s2: fsck_hfs run at Thu Mar  7 12:32:00 2013
/dev/rdisk1s2: ** /dev/rdisk1s2 (NO WRITE)
/dev/rdisk1s2:    Executing fsck_hfs (version diskdev_cmds-557~393).
QUICKCHECK ONLY; FILESYSTEM CLEAN

/dev/rdisk1s2: fsck_hfs run at Thu Mar  7 12:33:26 2013
/dev/rdisk1s2: ** /dev/rdisk1s2 (NO WRITE)
/dev/rdisk1s2:    Executing fsck_hfs (version diskdev_cmds-557~393).
QUICKCHECK ONLY; FILESYSTEM CLEAN

/dev/rdisk1s2: fsck_hfs run at Thu Mar  7 12:33:27 2013
/dev/rdisk1s2: ** /dev/rdisk1s2 (NO WRITE)
/dev/rdisk1s2:    Executing fsck_hfs (version diskdev_cmds-557~393).
QUICKCHECK ONLY; FILESYSTEM CLEAN

/dev/rdisk1s2: fsck_hfs run at Thu Mar  7 12:33:30 2013
/dev/rdisk1s2: ** /dev/rdisk1s2 (NO WRITE)
/dev/rdisk1s2:    Executing fsck_hfs (version diskdev_cmds-557~393).
QUICKCHECK ONLY; FILESYSTEM CLEAN

/dev/rdisk1s2: fsck_hfs run at Thu Mar  7 12:33:30 2013
/dev/rdisk1s2: ** /dev/rdisk1s2 (NO WRITE)
/dev/rdisk1s2:    Executing fsck_hfs (version diskdev_cmds-557~393).
QUICKCHECK ONLY; FILESYSTEM CLEAN

/dev/rdisk1s2: fsck_hfs run at Thu Mar  7 12:34:14 2013
/dev/rdisk1s2: ** /dev/rdisk1s2 (NO WRITE)
/dev/rdisk1s2:    Executing fsck_hfs (version diskdev_cmds-557~393).
QUICKCHECK ONLY; FILESYSTEM CLEAN

/dev/rdisk1s2: fsck_hfs run at Thu Mar  7 12:34:14 2013
/dev/rdisk1s2: ** /dev/rdisk1s2 (NO WRITE)
/dev/rdisk1s2:    Executing fsck_hfs (version diskdev_cmds-557~393).
QUICKCHECK ONLY; FILESYSTEM CLEAN

/dev/rdisk1s2: fsck_hfs run at Thu Mar  7 12:34:32 2013
/dev/rdisk1s2: ** /dev/rdisk1s2 (NO WRITE)
/dev/rdisk1s2:    Executing fsck_hfs (version diskdev_cmds-557~393).
QUICKCHECK ONLY; FILESYSTEM CLEAN

/dev/rdisk1s2: fsck_hfs run at Thu Mar  7 12:34:32 2013
/dev/rdisk1s2: ** /dev/rdisk1s2 (NO WRITE)
/dev/rdisk1s2:    Executing fsck_hfs (version diskdev_cmds-557~393).
QUICKCHECK ONLY; FILESYSTEM CLEAN

/dev/rdisk1s2: fsck_hfs run at Thu Mar  7 12:35:17 2013
/dev/rdisk1s2: ** /dev/rdisk1s2 (NO WRITE)
/dev/rdisk1s2:    Executing fsck_hfs (version diskdev_cmds-557~393).
QUICKCHECK ONLY; FILESYSTEM CLEAN

/dev/rdisk1s2: fsck_hfs run at Thu Mar  7 12:35:17 2013
/dev/rdisk1s2: ** /dev/rdisk1s2 (NO WRITE)
/dev/rdisk1s2:    Executing fsck_hfs (version diskdev_cmds-557~393).
QUICKCHECK ONLY; FILESYSTEM CLEAN

/dev/rdisk1s2: fsck_hfs run at Thu Mar  7 12:35:20 2013
/dev/rdisk1s2: ** /dev/rdisk1s2 (NO WRITE)
/dev/rdisk1s2:    Executing fsck_hfs (version diskdev_cmds-557~393).
QUICKCHECK ONLY; FILESYSTEM CLEAN

/dev/rdisk1s2: fsck_hfs run at Thu Mar  7 12:35:20 2013
/dev/rdisk1s2: ** /dev/rdisk1s2 (NO WRITE)
/dev/rdisk1s2:    Executing fsck_hfs (version diskdev_cmds-557~393).
QUICKCHECK ONLY; FILESYSTEM CLEAN

/dev/rdisk1s2: fsck_hfs run at Thu Mar  7 12:36:00 2013
/dev/rdisk1s2: ** /dev/rdisk1s2 (NO WRITE)
/dev/rdisk1s2:    Executing fsck_hfs (version diskdev_cmds-557~393).
QUICKCHECK ONLY; FILESYSTEM CLEAN

/dev/rdisk1s2: fsck_hfs run at Thu Mar  7 12:36:00 2013
/dev/rdisk1s2: ** /dev/rdisk1s2 (NO WRITE)
/dev/rdisk1s2:    Executing fsck_hfs (version diskdev_cmds-557~393).
QUICKCHECK ONLY; FILESYSTEM CLEAN

/dev/rdisk1s2: fsck_hfs run at Thu Mar  7 12:36:02 2013
/dev/rdisk1s2: ** /dev/rdisk1s2 (NO WRITE)
/dev/rdisk1s2:    Executing fsck_hfs (version diskdev_cmds-557~393).
QUICKCHECK ONLY; FILESYSTEM CLEAN

/dev/rdisk1s2: fsck_hfs run at Thu Mar  7 12:36:02 2013
/dev/rdisk1s2: ** /dev/rdisk1s2 (NO WRITE)
/dev/rdisk1s2:    Executing fsck_hfs (version diskdev_cmds-557~393).
QUICKCHECK ONLY; FILESYSTEM CLEAN

/dev/rdisk1s2: fsck_hfs run at Thu Mar  7 12:36:15 2013
/dev/rdisk1s2: ** /dev/rdisk1s2 (NO WRITE)
/dev/rdisk1s2:    Executing fsck_hfs (version diskdev_cmds-557~393).
QUICKCHECK ONLY; FILESYSTEM CLEAN

/dev/rdisk1s2: fsck_hfs run at Thu Mar  7 12:36:15 2013
/dev/rdisk1s2: ** /dev/rdisk1s2 (NO WRITE)
/dev/rdisk1s2:    Executing fsck_hfs (version diskdev_cmds-557~393).
QUICKCHECK ONLY; FILESYSTEM CLEAN

/dev/rdisk1s2: fsck_hfs run at Thu Mar  7 12:36:24 2013
/dev/rdisk1s2: ** /dev/rdisk1s2 (NO WRITE)
/dev/rdisk1s2:    Executing fsck_hfs (version diskdev_cmds-557~393).
QUICKCHECK ONLY; FILESYSTEM CLEAN

/dev/rdisk1s2: fsck_hfs run at Thu Mar  7 12:36:24 2013
/dev/rdisk1s2: ** /dev/rdisk1s2 (NO WRITE)
/dev/rdisk1s2:    Executing fsck_hfs (version diskdev_cmds-557~393).
QUICKCHECK ONLY; FILESYSTEM CLEAN

/dev/rdisk1s2: fsck_hfs run at Thu Mar  7 12:36:57 2013
/dev/rdisk1s2: ** /dev/rdisk1s2 (NO WRITE)
/dev/rdisk1s2:    Executing fsck_hfs (version diskdev_cmds-557~393).
QUICKCHECK ONLY; FILESYSTEM CLEAN

/dev/rdisk1s2: fsck_hfs run at Thu Mar  7 12:36:57 2013
/dev/rdisk1s2: ** /dev/rdisk1s2 (NO WRITE)
/dev/rdisk1s2:    Executing fsck_hfs (version diskdev_cmds-557~393).
QUICKCHECK ONLY; FILESYSTEM CLEAN

/dev/rdisk1s2: fsck_hfs run at Thu Mar  7 12:40:33 2013
/dev/rdisk1s2: ** /dev/rdisk1s2 (NO WRITE)
/dev/rdisk1s2:    Executing fsck_hfs (version diskdev_cmds-557~393).
QUICKCHECK ONLY; FILESYSTEM CLEAN

/dev/rdisk1s2: fsck_hfs run at Thu Mar  7 12:40:33 2013
/dev/rdisk1s2: ** /dev/rdisk1s2 (NO WRITE)
/dev/rdisk1s2:    Executing fsck_hfs (version diskdev_cmds-557~393).
QUICKCHECK ONLY; FILESYSTEM CLEAN

/dev/rdisk1s2: fsck_hfs run at Thu Mar  7 12:41:24 2013
/dev/rdisk1s2: ** /dev/rdisk1s2 (NO WRITE)
/dev/rdisk1s2:    Executing fsck_hfs (version diskdev_cmds-557~393).
QUICKCHECK ONLY; FILESYSTEM CLEAN

/dev/rdisk1s2: fsck_hfs run at Thu Mar  7 12:41:24 2013
/dev/rdisk1s2: ** /dev/rdisk1s2 (NO WRITE)
/dev/rdisk1s2:    Executing fsck_hfs (version diskdev_cmds-557~393).
QUICKCHECK ONLY; FILESYSTEM CLEAN

/dev/rdisk1s2: fsck_hfs run at Thu Mar  7 12:42:11 2013
/dev/rdisk1s2: ** /dev/rdisk1s2 (NO WRITE)
/dev/rdisk1s2:    Executing fsck_hfs (version diskdev_cmds-557~393).
QUICKCHECK ONLY; FILESYSTEM CLEAN

/dev/rdisk1s2: fsck_hfs run at Thu Mar  7 12:42:11 2013
/dev/rdisk1s2: ** /dev/rdisk1s2 (NO WRITE)
/dev/rdisk1s2:    Executing fsck_hfs (version diskdev_cmds-557~393).
QUICKCHECK ONLY; FILESYSTEM CLEAN

/dev/rdisk1s2: fsck_hfs run at Thu Mar  7 12:42:13 2013
/dev/rdisk1s2: ** /dev/rdisk1s2 (NO WRITE)
/dev/rdisk1s2:    Executing fsck_hfs (version diskdev_cmds-557~393).
QUICKCHECK ONLY; FILESYSTEM CLEAN

/dev/rdisk1s2: fsck_hfs run at Thu Mar  7 12:42:13 2013
/dev/rdisk1s2: ** /dev/rdisk1s2 (NO WRITE)
/dev/rdisk1s2:    Executing fsck_hfs (version diskdev_cmds-557~393).
QUICKCHECK ONLY; FILESYSTEM CLEAN

/dev/rdisk1s2: fsck_hfs run at Thu Mar  7 12:43:37 2013
/dev/rdisk1s2: ** /dev/rdisk1s2 (NO WRITE)
/dev/rdisk1s2:    Executing fsck_hfs (version diskdev_cmds-557~393).
QUICKCHECK ONLY; FILESYSTEM CLEAN

/dev/rdisk1s2: fsck_hfs run at Thu Mar  7 12:43:37 2013
/dev/rdisk1s2: ** /dev/rdisk1s2 (NO WRITE)
/dev/rdisk1s2:    Executing fsck_hfs (version diskdev_cmds-557~393).
QUICKCHECK ONLY; FILESYSTEM CLEAN

/dev/rdisk1s2: fsck_hfs run at Thu Mar  7 12:43:51 2013
/dev/rdisk1s2: ** /dev/rdisk1s2 (NO WRITE)
/dev/rdisk1s2:    Executing fsck_hfs (version diskdev_cmds-557~393).
QUICKCHECK ONLY; FILESYSTEM CLEAN

/dev/rdisk1s2: fsck_hfs run at Thu Mar  7 12:43:51 2013
/dev/rdisk1s2: ** /dev/rdisk1s2 (NO WRITE)
/dev/rdisk1s2:    Executing fsck_hfs (version diskdev_cmds-557~393).
QUICKCHECK ONLY; FILESYSTEM CLEAN

/dev/rdisk1s2: fsck_hfs run at Thu Mar  7 12:43:53 2013
/dev/rdisk1s2: ** /dev/rdisk1s2 (NO WRITE)
/dev/rdisk1s2:    Executing fsck_hfs (version diskdev_cmds-557~393).
QUICKCHECK ONLY; FILESYSTEM CLEAN

/dev/rdisk1s2: fsck_hfs run at Thu Mar  7 12:43:54 2013
/dev/rdisk1s2: ** /dev/rdisk1s2 (NO WRITE)
/dev/rdisk1s2:    Executing fsck_hfs (version diskdev_cmds-557~393).
QUICKCHECK ONLY; FILESYSTEM CLEAN

/dev/rdisk1s2: fsck_hfs run at Thu Mar  7 12:43:56 2013
/dev/rdisk1s2: ** /dev/rdisk1s2 (NO WRITE)
/dev/rdisk1s2:    Executing fsck_hfs (version diskdev_cmds-557~393).
QUICKCHECK ONLY; FILESYSTEM CLEAN

/dev/rdisk1s2: fsck_hfs run at Thu Mar  7 12:43:56 2013
/dev/rdisk1s2: ** /dev/rdisk1s2 (NO WRITE)
/dev/rdisk1s2:    Executing fsck_hfs (version diskdev_cmds-557~393).
QUICKCHECK ONLY; FILESYSTEM CLEAN

/dev/rdisk1s2: fsck_hfs run at Thu Mar  7 12:44:21 2013
/dev/rdisk1s2: ** /dev/rdisk1s2 (NO WRITE)
/dev/rdisk1s2:    Executing fsck_hfs (version diskdev_cmds-557~393).
QUICKCHECK ONLY; FILESYSTEM CLEAN

/dev/rdisk1s2: fsck_hfs run at Thu Mar  7 12:44:21 2013
/dev/rdisk1s2: ** /dev/rdisk1s2 (NO WRITE)
/dev/rdisk1s2:    Executing fsck_hfs (version diskdev_cmds-557~393).
QUICKCHECK ONLY; FILESYSTEM CLEAN

/dev/rdisk1s2: fsck_hfs run at Thu Mar  7 12:45:27 2013
/dev/rdisk1s2: ** /dev/rdisk1s2 (NO WRITE)
/dev/rdisk1s2:    Executing fsck_hfs (version diskdev_cmds-557~393).
QUICKCHECK ONLY; FILESYSTEM CLEAN

/dev/rdisk1s2: fsck_hfs run at Thu Mar  7 12:45:27 2013
/dev/rdisk1s2: ** /dev/rdisk1s2 (NO WRITE)
/dev/rdisk1s2:    Executing fsck_hfs (version diskdev_cmds-557~393).
QUICKCHECK ONLY; FILESYSTEM CLEAN

/dev/rdisk1s2: fsck_hfs run at Thu Mar  7 12:46:08 2013
/dev/rdisk1s2: ** /dev/rdisk1s2 (NO WRITE)
/dev/rdisk1s2:    Executing fsck_hfs (version diskdev_cmds-557~393).
QUICKCHECK ONLY; FILESYSTEM CLEAN

/dev/rdisk1s2: fsck_hfs run at Thu Mar  7 12:46:08 2013
/dev/rdisk1s2: ** /dev/rdisk1s2 (NO WRITE)
/dev/rdisk1s2:    Executing fsck_hfs (version diskdev_cmds-557~393).
QUICKCHECK ONLY; FILESYSTEM CLEAN

/dev/rdisk1s2: fsck_hfs run at Thu Mar  7 12:46:32 2013
/dev/rdisk1s2: ** /dev/rdisk1s2 (NO WRITE)
/dev/rdisk1s2:    Executing fsck_hfs (version diskdev_cmds-557~393).
QUICKCHECK ONLY; FILESYSTEM CLEAN

/dev/rdisk1s2: fsck_hfs run at Thu Mar  7 12:46:32 2013
/dev/rdisk1s2: ** /dev/rdisk1s2 (NO WRITE)
/dev/rdisk1s2:    Executing fsck_hfs (version diskdev_cmds-557~393).
QUICKCHECK ONLY; FILESYSTEM CLEAN

/dev/rdisk1s2: fsck_hfs run at Thu Mar  7 12:46:35 2013
/dev/rdisk1s2: ** /dev/rdisk1s2 (NO WRITE)
/dev/rdisk1s2:    Executing fsck_hfs (version diskdev_cmds-557~393).
QUICKCHECK ONLY; FILESYSTEM CLEAN

/dev/rdisk1s2: fsck_hfs run at Thu Mar  7 12:46:35 2013
/dev/rdisk1s2: ** /dev/rdisk1s2 (NO WRITE)
/dev/rdisk1s2:    Executing fsck_hfs (version diskdev_cmds-557~393).
QUICKCHECK ONLY; FILESYSTEM CLEAN

/dev/rdisk1s2: fsck_hfs run at Thu Mar  7 12:49:42 2013
/dev/rdisk1s2: ** /dev/rdisk1s2 (NO WRITE)
/dev/rdisk1s2:    Executing fsck_hfs (version diskdev_cmds-557~393).
QUICKCHECK ONLY; FILESYSTEM CLEAN

/dev/rdisk1s2: fsck_hfs run at Thu Mar  7 12:49:42 2013
/dev/rdisk1s2: ** /dev/rdisk1s2 (NO WRITE)
/dev/rdisk1s2:    Executing fsck_hfs (version diskdev_cmds-557~393).
QUICKCHECK ONLY; FILESYSTEM CLEAN

/dev/rdisk1s2: fsck_hfs run at Thu Mar  7 12:49:53 2013
/dev/rdisk1s2: ** /dev/rdisk1s2 (NO WRITE)
/dev/rdisk1s2:    Executing fsck_hfs (version diskdev_cmds-557~393).
QUICKCHECK ONLY; FILESYSTEM CLEAN

/dev/rdisk1s2: fsck_hfs run at Thu Mar  7 12:49:53 2013
/dev/rdisk1s2: ** /dev/rdisk1s2 (NO WRITE)
/dev/rdisk1s2:    Executing fsck_hfs (version diskdev_cmds-557~393).
QUICKCHECK ONLY; FILESYSTEM CLEAN

/dev/rdisk0s2: fsck_hfs run at Thu Mar  7 16:31:13 2013
** /dev/rdisk0s2 (NO WRITE)
** Root file system
   Executing fsck_hfs (version diskdev_cmds-557~393).

/dev/rdisk0s2: fsck_hfs run at Thu Mar  7 16:31:53 2013
/dev/rdisk0s2: ** /dev/rdisk0s2 (NO WRITE)
/dev/rdisk0s2: ** Root file system
/dev/rdisk0s2:    Executing fsck_hfs (version diskdev_cmds-557~393).

/dev/rdisk0s3: fsck_hfs run at Thu Mar  7 16:31:54 2013
/dev/rdisk0s3: ** /dev/rdisk0s3 (NO WRITE)
/dev/rdisk0s3:    Executing fsck_hfs (version diskdev_cmds-557~393).
QUICKCHECK ONLY; FILESYSTEM CLEAN

/dev/rdisk1s2: fsck_hfs run at Wed Mar 13 10:41:39 2013
/dev/rdisk1s2: ** /dev/rdisk1s2 (NO WRITE)
/dev/rdisk1s2:    Executing fsck_hfs (version diskdev_cmds-557~393).
QUICKCHECK ONLY; FILESYSTEM CLEAN

/dev/rdisk1s2: fsck_hfs run at Wed Mar 13 10:41:39 2013
/dev/rdisk1s2: ** /dev/rdisk1s2 (NO WRITE)
/dev/rdisk1s2:    Executing fsck_hfs (version diskdev_cmds-557~393).
QUICKCHECK ONLY; FILESYSTEM CLEAN

/dev/rdisk0s2: fsck_hfs run at Mon Mar 18 13:52:27 2013
** /dev/rdisk0s2 (NO WRITE)
** Root file system
   Executing fsck_hfs (version diskdev_cmds-557~393).

/dev/rdisk0s2: fsck_hfs run at Mon Mar 18 13:52:56 2013
/dev/rdisk0s2: ** /dev/rdisk0s2 (NO WRITE)
/dev/rdisk0s2: ** Root file system
/dev/rdisk0s2:    Executing fsck_hfs (version diskdev_cmds-557~393).

/dev/rdisk0s3: fsck_hfs run at Mon Mar 18 13:52:56 2013
/dev/rdisk0s3: ** /dev/rdisk0s3 (NO WRITE)
/dev/rdisk0s3:    Executing fsck_hfs (version diskdev_cmds-557~393).
QUICKCHECK ONLY; FILESYSTEM CLEAN

/dev/rdisk1s2: fsck_hfs run at Wed Mar 20 16:05:52 2013
/dev/rdisk1s2: ** /dev/rdisk1s2 (NO WRITE)
/dev/rdisk1s2:    Executing fsck_hfs (version diskdev_cmds-557~393).
QUICKCHECK ONLY; FILESYSTEM CLEAN

/dev/rdisk1s2: fsck_hfs run at Wed Mar 20 16:05:53 2013
/dev/rdisk1s2: ** /dev/rdisk1s2 (NO WRITE)
/dev/rdisk1s2:    Executing fsck_hfs (version diskdev_cmds-557~393).
QUICKCHECK ONLY; FILESYSTEM CLEAN

/dev/rdisk0s2: fsck_hfs run at Thu Mar 21 10:04:47 2013
** /dev/rdisk0s2 (NO WRITE)
** Root file system
   Executing fsck_hfs (version diskdev_cmds-557~393).

/dev/rdisk0s2: fsck_hfs run at Thu Mar 21 10:05:43 2013
/dev/rdisk0s2: ** /dev/rdisk0s2 (NO WRITE)
/dev/rdisk0s2: ** Root file system
/dev/rdisk0s2:    Executing fsck_hfs (version diskdev_cmds-557~393).

/dev/rdisk0s3: fsck_hfs run at Thu Mar 21 10:05:44 2013
/dev/rdisk0s3: ** /dev/rdisk0s3 (NO WRITE)
/dev/rdisk0s3:    Executing fsck_hfs (version diskdev_cmds-557~393).
QUICKCHECK ONLY; FILESYSTEM CLEAN

/dev/rdisk0s2: fsck_hfs run at Mon Mar 25 08:57:29 2013
** /dev/rdisk0s2 (NO WRITE)
** Root file system
   Executing fsck_hfs (version diskdev_cmds-557~393).

/dev/rdisk0s2: fsck_hfs run at Mon Mar 25 08:58:13 2013
/dev/rdisk0s2: ** /dev/rdisk0s2 (NO WRITE)
/dev/rdisk0s2: ** Root file system
/dev/rdisk0s2:    Executing fsck_hfs (version diskdev_cmds-557~393).

/dev/rdisk0s3: fsck_hfs run at Mon Mar 25 08:58:14 2013
/dev/rdisk0s3: ** /dev/rdisk0s3 (NO WRITE)
/dev/rdisk0s3:    Executing fsck_hfs (version diskdev_cmds-557~393).
QUICKCHECK ONLY; FILESYSTEM CLEAN

/dev/rdisk1: fsck_hfs run at Tue Mar 26 10:14:27 2013
/dev/rdisk1: ** /dev/rdisk1 (NO WRITE)
/dev/rdisk1:    Executing fsck_hfs (version diskdev_cmds-557~393).
QUICKCHECK ONLY; FILESYSTEM CLEAN

/dev/rdisk1: fsck_hfs run at Tue Mar 26 10:14:28 2013
/dev/rdisk1: ** /dev/rdisk1 (NO WRITE)
/dev/rdisk1:    Executing fsck_hfs (version diskdev_cmds-557~393).
QUICKCHECK ONLY; FILESYSTEM CLEAN

/dev/rdisk2s2: fsck_hfs run at Tue Mar 26 10:22:27 2013
/dev/rdisk2s2: ** /dev/rdisk2s2 (NO WRITE)
/dev/rdisk2s2:    Executing fsck_hfs (version diskdev_cmds-557~393).
QUICKCHECK ONLY; FILESYSTEM CLEAN

/dev/rdisk2s2: fsck_hfs run at Tue Mar 26 10:22:27 2013
/dev/rdisk2s2: ** /dev/rdisk2s2 (NO WRITE)
/dev/rdisk2s2:    Executing fsck_hfs (version diskdev_cmds-557~393).
QUICKCHECK ONLY; FILESYSTEM CLEAN

/dev/rdisk1s2: fsck_hfs run at Thu Mar 28 09:30:19 2013
/dev/rdisk1s2: ** /dev/rdisk1s2 (NO WRITE)
/dev/rdisk1s2:    Executing fsck_hfs (version diskdev_cmds-557~393).
QUICKCHECK ONLY; FILESYSTEM CLEAN

/dev/rdisk1s2: fsck_hfs run at Thu Mar 28 09:30:19 2013
/dev/rdisk1s2: ** /dev/rdisk1s2 (NO WRITE)
/dev/rdisk1s2:    Executing fsck_hfs (version diskdev_cmds-557~393).
QUICKCHECK ONLY; FILESYSTEM CLEAN

/dev/rdisk0s2: fsck_hfs run at Mon Apr  1 09:13:31 2013
** /dev/rdisk0s2 (NO WRITE)
** Root file system
   Executing fsck_hfs (version diskdev_cmds-557~393).

/dev/rdisk0s2: fsck_hfs run at Mon Apr  1 09:14:03 2013
/dev/rdisk0s2: ** /dev/rdisk0s2 (NO WRITE)
/dev/rdisk0s2: ** Root file system
/dev/rdisk0s2:    Executing fsck_hfs (version diskdev_cmds-557~393).

/dev/rdisk0s3: fsck_hfs run at Mon Apr  1 09:14:05 2013
/dev/rdisk0s3: ** /dev/rdisk0s3 (NO WRITE)
/dev/rdisk0s3:    Executing fsck_hfs (version diskdev_cmds-557~393).
QUICKCHECK ONLY; FILESYSTEM CLEAN

/dev/rdisk1s2: fsck_hfs run at Tue Apr  2 16:00:57 2013
/dev/rdisk1s2: ** /dev/rdisk1s2 (NO WRITE)
/dev/rdisk1s2:    Executing fsck_hfs (version diskdev_cmds-557~393).
QUICKCHECK ONLY; FILESYSTEM CLEAN

/dev/rdisk1s2: fsck_hfs run at Tue Apr  2 16:00:58 2013
/dev/rdisk1s2: ** /dev/rdisk1s2 (NO WRITE)
/dev/rdisk1s2:    Executing fsck_hfs (version diskdev_cmds-557~393).
QUICKCHECK ONLY; FILESYSTEM CLEAN

/dev/rdisk1: fsck_hfs run at Wed Apr  3 15:50:33 2013
/dev/rdisk1: ** /dev/rdisk1 (NO WRITE)
/dev/rdisk1:    Executing fsck_hfs (version diskdev_cmds-557~393).
QUICKCHECK ONLY; FILESYSTEM CLEAN

/dev/rdisk1: fsck_hfs run at Wed Apr  3 15:50:33 2013
/dev/rdisk1: ** /dev/rdisk1 (NO WRITE)
/dev/rdisk1:    Executing fsck_hfs (version diskdev_cmds-557~393).
QUICKCHECK ONLY; FILESYSTEM CLEAN

/dev/rdisk1: fsck_hfs run at Thu Apr  4 18:26:29 2013
/dev/rdisk1: ** /dev/rdisk1 (NO WRITE)
/dev/rdisk1:    Executing fsck_hfs (version diskdev_cmds-557~393).
QUICKCHECK ONLY; FILESYSTEM CLEAN

/dev/rdisk1: fsck_hfs run at Thu Apr  4 18:26:29 2013
/dev/rdisk1: ** /dev/rdisk1 (NO WRITE)
/dev/rdisk1:    Executing fsck_hfs (version diskdev_cmds-557~393).
QUICKCHECK ONLY; FILESYSTEM CLEAN

/dev/rdisk0s2: fsck_hfs run at Fri Apr  5 12:13:13 2013
** /dev/rdisk0s2 (NO WRITE)
** Root file system
   Executing fsck_hfs (version diskdev_cmds-557~393).

/dev/rdisk0s2: fsck_hfs run at Fri Apr  5 12:13:52 2013
/dev/rdisk0s2: ** /dev/rdisk0s2 (NO WRITE)
/dev/rdisk0s2: ** Root file system
/dev/rdisk0s2:    Executing fsck_hfs (version diskdev_cmds-557~393).

/dev/rdisk0s3: fsck_hfs run at Fri Apr  5 12:13:52 2013
/dev/rdisk0s3: ** /dev/rdisk0s3 (NO WRITE)
/dev/rdisk0s3:    Executing fsck_hfs (version diskdev_cmds-557~393).
QUICKCHECK ONLY; FILESYSTEM CLEAN

/dev/rdisk1s2: fsck_hfs run at Tue Apr  9 13:59:29 2013
/dev/rdisk1s2: ** /dev/rdisk1s2 (NO WRITE)
/dev/rdisk1s2:    Executing fsck_hfs (version diskdev_cmds-557~393).
QUICKCHECK ONLY; FILESYSTEM CLEAN

/dev/rdisk1s2: fsck_hfs run at Tue Apr  9 13:59:29 2013
/dev/rdisk1s2: ** /dev/rdisk1s2 (NO WRITE)
/dev/rdisk1s2:    Executing fsck_hfs (version diskdev_cmds-557~393).
QUICKCHECK ONLY; FILESYSTEM CLEAN

/dev/rdisk1: fsck_hfs run at Wed Apr 10 09:28:31 2013
/dev/rdisk1: ** /dev/rdisk1 (NO WRITE)
/dev/rdisk1:    Executing fsck_hfs (version diskdev_cmds-557~393).
QUICKCHECK ONLY; FILESYSTEM CLEAN

/dev/rdisk1: fsck_hfs run at Wed Apr 10 09:28:32 2013
/dev/rdisk1: ** /dev/rdisk1 (NO WRITE)
/dev/rdisk1:    Executing fsck_hfs (version diskdev_cmds-557~393).
QUICKCHECK ONLY; FILESYSTEM CLEAN

/dev/rdisk1: fsck_hfs run at Wed Apr 10 09:29:04 2013
/dev/rdisk1: ** /dev/rdisk1 (NO WRITE)
/dev/rdisk1:    Executing fsck_hfs (version diskdev_cmds-557~393).
QUICKCHECK ONLY; FILESYSTEM CLEAN

/dev/rdisk1: fsck_hfs run at Wed Apr 10 09:29:04 2013
/dev/rdisk1: ** /dev/rdisk1 (NO WRITE)
/dev/rdisk1:    Executing fsck_hfs (version diskdev_cmds-557~393).
QUICKCHECK ONLY; FILESYSTEM CLEAN

/dev/rdisk1s2: fsck_hfs run at Wed Apr 10 14:13:04 2013
/dev/rdisk1s2: ** /dev/rdisk1s2 (NO WRITE)
/dev/rdisk1s2:    Executing fsck_hfs (version diskdev_cmds-557~393).
QUICKCHECK ONLY; FILESYSTEM CLEAN

/dev/rdisk1s2: fsck_hfs run at Wed Apr 10 14:13:04 2013
/dev/rdisk1s2: ** /dev/rdisk1s2 (NO WRITE)
/dev/rdisk1s2:    Executing fsck_hfs (version diskdev_cmds-557~393).
QUICKCHECK ONLY; FILESYSTEM CLEAN

/dev/rdisk0s2: fsck_hfs run at Wed Apr 10 16:06:52 2013
** /dev/rdisk0s2 (NO WRITE)
** Root file system
   Executing fsck_hfs (version diskdev_cmds-557~393).

/dev/rdisk0s2: fsck_hfs run at Wed Apr 10 16:07:23 2013
/dev/rdisk0s2: ** /dev/rdisk0s2 (NO WRITE)
/dev/rdisk0s2: ** Root file system
/dev/rdisk0s2:    Executing fsck_hfs (version diskdev_cmds-557~393).

/dev/rdisk0s3: fsck_hfs run at Wed Apr 10 16:07:24 2013
/dev/rdisk0s3: ** /dev/rdisk0s3 (NO WRITE)
/dev/rdisk0s3:    Executing fsck_hfs (version diskdev_cmds-557~393).
QUICKCHECK ONLY; FILESYSTEM CLEAN

/dev/rdisk1: fsck_hfs run at Thu Apr 11 16:06:33 2013
/dev/rdisk1: ** /dev/rdisk1 (NO WRITE)
/dev/rdisk1:    Executing fsck_hfs (version diskdev_cmds-557~393).
QUICKCHECK ONLY; FILESYSTEM CLEAN

/dev/rdisk1: fsck_hfs run at Thu Apr 11 16:06:34 2013
/dev/rdisk1: ** /dev/rdisk1 (NO WRITE)
/dev/rdisk1:    Executing fsck_hfs (version diskdev_cmds-557~393).
QUICKCHECK ONLY; FILESYSTEM CLEAN

/dev/rdisk1: fsck_hfs run at Wed Apr 17 16:00:48 2013
/dev/rdisk1: ** /dev/rdisk1 (NO WRITE)
/dev/rdisk1:    Executing fsck_hfs (version diskdev_cmds-557~393).
QUICKCHECK ONLY; FILESYSTEM CLEAN

/dev/rdisk1: fsck_hfs run at Wed Apr 17 16:00:48 2013
/dev/rdisk1: ** /dev/rdisk1 (NO WRITE)
/dev/rdisk1:    Executing fsck_hfs (version diskdev_cmds-557~393).
QUICKCHECK ONLY; FILESYSTEM CLEAN

/dev/rdisk1: fsck_hfs run at Thu Apr 18 16:08:46 2013
/dev/rdisk1: ** /dev/rdisk1 (NO WRITE)
/dev/rdisk1:    Executing fsck_hfs (version diskdev_cmds-557~393).
QUICKCHECK ONLY; FILESYSTEM CLEAN

/dev/rdisk1: fsck_hfs run at Thu Apr 18 16:08:46 2013
/dev/rdisk1: ** /dev/rdisk1 (NO WRITE)
/dev/rdisk1:    Executing fsck_hfs (version diskdev_cmds-557~393).
QUICKCHECK ONLY; FILESYSTEM CLEAN

/dev/rdisk0s2: fsck_hfs run at Mon Apr 22 13:13:09 2013
** /dev/rdisk0s2 (NO WRITE)
** Root file system
   Executing fsck_hfs (version diskdev_cmds-557~393).

/dev/rdisk0s2: fsck_hfs run at Mon Apr 22 13:13:43 2013
/dev/rdisk0s2: ** /dev/rdisk0s2 (NO WRITE)
/dev/rdisk0s2: ** Root file system
/dev/rdisk0s2:    Executing fsck_hfs (version diskdev_cmds-557~393).

/dev/rdisk0s3: fsck_hfs run at Mon Apr 22 13:13:45 2013
/dev/rdisk0s3: ** /dev/rdisk0s3 (NO WRITE)
/dev/rdisk0s3:    Executing fsck_hfs (version diskdev_cmds-557~393).
QUICKCHECK ONLY; FILESYSTEM CLEAN

/dev/rdisk1s2: fsck_hfs run at Tue Apr 23 09:13:44 2013
/dev/rdisk1s2: ** /dev/rdisk1s2 (NO WRITE)
/dev/rdisk1s2:    Executing fsck_hfs (version diskdev_cmds-557~393).
QUICKCHECK ONLY; FILESYSTEM CLEAN

/dev/rdisk1s2: fsck_hfs run at Tue Apr 23 09:13:45 2013
/dev/rdisk1s2: ** /dev/rdisk1s2 (NO WRITE)
/dev/rdisk1s2:    Executing fsck_hfs (version diskdev_cmds-557~393).
QUICKCHECK ONLY; FILESYSTEM CLEAN

/dev/rdisk0s2: fsck_hfs run at Tue Apr 30 09:19:34 2013
** /dev/rdisk0s2 (NO WRITE)
** Root file system
   Executing fsck_hfs (version diskdev_cmds-557~393).

/dev/rdisk0s2: fsck_hfs run at Tue Apr 30 09:19:59 2013
/dev/rdisk0s2: ** /dev/rdisk0s2 (NO WRITE)
/dev/rdisk0s2: ** Root file system
/dev/rdisk0s2:    Executing fsck_hfs (version diskdev_cmds-557~393).

/dev/rdisk0s3: fsck_hfs run at Tue Apr 30 09:20:00 2013
/dev/rdisk0s3: ** /dev/rdisk0s3 (NO WRITE)
/dev/rdisk0s3:    Executing fsck_hfs (version diskdev_cmds-557~393).
QUICKCHECK ONLY; FILESYSTEM CLEAN

/dev/rdisk1s2: fsck_hfs run at Thu May  2 11:52:39 2013
/dev/rdisk1s2: ** /dev/rdisk1s2 (NO WRITE)
/dev/rdisk1s2:    Executing fsck_hfs (version diskdev_cmds-557~393).
QUICKCHECK ONLY; FILESYSTEM CLEAN

/dev/rdisk1s2: fsck_hfs run at Thu May  2 11:52:40 2013
/dev/rdisk1s2: ** /dev/rdisk1s2 (NO WRITE)
/dev/rdisk1s2:    Executing fsck_hfs (version diskdev_cmds-557~393).
QUICKCHECK ONLY; FILESYSTEM CLEAN

/dev/rdisk0s2: fsck_hfs run at Fri May  3 08:17:28 2013
** /dev/rdisk0s2 (NO WRITE)
** Root file system
   Executing fsck_hfs (version diskdev_cmds-557~393).

/dev/rdisk0s2: fsck_hfs run at Fri May  3 08:18:00 2013
/dev/rdisk0s2: ** /dev/rdisk0s2 (NO WRITE)
/dev/rdisk0s2: ** Root file system
/dev/rdisk0s2:    Executing fsck_hfs (version diskdev_cmds-557~393).

/dev/rdisk0s3: fsck_hfs run at Fri May  3 08:18:01 2013
/dev/rdisk0s3: ** /dev/rdisk0s3 (NO WRITE)
/dev/rdisk0s3:    Executing fsck_hfs (version diskdev_cmds-557~393).
QUICKCHECK ONLY; FILESYSTEM CLEAN

/dev/rdisk0s2: fsck_hfs run at Mon May  6 09:12:46 2013
** /dev/rdisk0s2 (NO WRITE)
** Root file system
   Executing fsck_hfs (version diskdev_cmds-557~393).

/dev/rdisk0s2: fsck_hfs run at Mon May  6 09:13:10 2013
/dev/rdisk0s2: ** /dev/rdisk0s2 (NO WRITE)
/dev/rdisk0s2: ** Root file system
/dev/rdisk0s2:    Executing fsck_hfs (version diskdev_cmds-557~393).

/dev/rdisk0s3: fsck_hfs run at Mon May  6 09:13:11 2013
/dev/rdisk0s3: ** /dev/rdisk0s3 (NO WRITE)
/dev/rdisk0s3:    Executing fsck_hfs (version diskdev_cmds-557~393).
QUICKCHECK ONLY; FILESYSTEM CLEAN

/dev/rdisk1s2: fsck_hfs run at Tue May 14 09:42:11 2013
/dev/rdisk1s2: ** /dev/rdisk1s2 (NO WRITE)
/dev/rdisk1s2:    Executing fsck_hfs (version diskdev_cmds-557~393).
QUICKCHECK ONLY; FILESYSTEM CLEAN

/dev/rdisk1s2: fsck_hfs run at Tue May 14 09:42:11 2013
/dev/rdisk1s2: ** /dev/rdisk1s2 (NO WRITE)
/dev/rdisk1s2:    Executing fsck_hfs (version diskdev_cmds-557~393).
QUICKCHECK ONLY; FILESYSTEM CLEAN

/dev/rdisk1s2: fsck_hfs run at Tue May 28 08:47:34 2013
/dev/rdisk1s2: ** /dev/rdisk1s2 (NO WRITE)
/dev/rdisk1s2:    Executing fsck_hfs (version diskdev_cmds-557~393).
QUICKCHECK ONLY; FILESYSTEM CLEAN

/dev/rdisk1s2: fsck_hfs run at Tue May 28 08:47:34 2013
/dev/rdisk1s2: ** /dev/rdisk1s2 (NO WRITE)
/dev/rdisk1s2:    Executing fsck_hfs (version diskdev_cmds-557~393).
QUICKCHECK ONLY; FILESYSTEM CLEAN

/dev/rdisk0s2: fsck_hfs run at Tue May 28 12:01:40 2013
** /dev/rdisk0s2 (NO WRITE)
** Root file system
   Executing fsck_hfs (version diskdev_cmds-557~393).

/dev/rdisk0s2: fsck_hfs run at Tue May 28 12:02:13 2013
/dev/rdisk0s2: ** /dev/rdisk0s2 (NO WRITE)
/dev/rdisk0s2: ** Root file system
/dev/rdisk0s2:    Executing fsck_hfs (version diskdev_cmds-557~393).

/dev/rdisk0s3: fsck_hfs run at Tue May 28 12:02:13 2013
/dev/rdisk0s3: ** /dev/rdisk0s3 (NO WRITE)
/dev/rdisk0s3:    Executing fsck_hfs (version diskdev_cmds-557~393).
QUICKCHECK ONLY; FILESYSTEM CLEAN

/dev/rdisk0s2: fsck_hfs run at Tue Jun 11 12:34:43 2013
** /dev/rdisk0s2 (NO WRITE)
** Root file system
   Executing fsck_hfs (version diskdev_cmds-557~393).

/dev/rdisk0s2: fsck_hfs run at Tue Jun 11 12:35:18 2013
/dev/rdisk0s2: ** /dev/rdisk0s2 (NO WRITE)
/dev/rdisk0s2: ** Root file system
/dev/rdisk0s2:    Executing fsck_hfs (version diskdev_cmds-557~393).

/dev/rdisk0s3: fsck_hfs run at Tue Jun 11 12:35:18 2013
/dev/rdisk0s3: ** /dev/rdisk0s3 (NO WRITE)
/dev/rdisk0s3:    Executing fsck_hfs (version diskdev_cmds-557~393).
QUICKCHECK ONLY; FILESYSTEM CLEAN

/dev/rdisk1s2: fsck_hfs run at Tue Jun 11 12:36:55 2013
/dev/rdisk1s2: ** /dev/rdisk1s2 (NO WRITE)
/dev/rdisk1s2:    Executing fsck_hfs (version diskdev_cmds-557~393).
QUICKCHECK ONLY; FILESYSTEM CLEAN

/dev/rdisk1s2: fsck_hfs run at Tue Jun 11 12:36:56 2013
/dev/rdisk1s2: ** /dev/rdisk1s2 (NO WRITE)
/dev/rdisk1s2:    Executing fsck_hfs (version diskdev_cmds-557~393).
QUICKCHECK ONLY; FILESYSTEM CLEAN

/dev/rdisk1s2: fsck_hfs run at Tue Jun 11 12:37:31 2013
/dev/rdisk1s2: ** /dev/rdisk1s2 (NO WRITE)
/dev/rdisk1s2:    Executing fsck_hfs (version diskdev_cmds-557~393).
QUICKCHECK ONLY; FILESYSTEM CLEAN

/dev/rdisk1s2: fsck_hfs run at Tue Jun 11 12:37:31 2013
/dev/rdisk1s2: ** /dev/rdisk1s2 (NO WRITE)
/dev/rdisk1s2:    Executing fsck_hfs (version diskdev_cmds-557~393).
QUICKCHECK ONLY; FILESYSTEM CLEAN

/dev/rdisk0s2: fsck_hfs run at Wed Jun 12 14:52:53 2013
** /dev/rdisk0s2 (NO WRITE)
** Root file system
   Executing fsck_hfs (version diskdev_cmds-557~393).

/dev/rdisk0s2: fsck_hfs run at Wed Jun 12 14:53:25 2013
/dev/rdisk0s2: ** /dev/rdisk0s2 (NO WRITE)
/dev/rdisk0s2: ** Root file system
/dev/rdisk0s2:    Executing fsck_hfs (version diskdev_cmds-557~393).

/dev/rdisk0s3: fsck_hfs run at Wed Jun 12 14:53:26 2013
/dev/rdisk0s3: ** /dev/rdisk0s3 (NO WRITE)
/dev/rdisk0s3:    Executing fsck_hfs (version diskdev_cmds-557~393).
QUICKCHECK ONLY; FILESYSTEM CLEAN

/dev/rdisk0s2: fsck_hfs run at Thu Jun 13 10:54:41 2013
** /dev/rdisk0s2 (NO WRITE)
** Root file system
   Executing fsck_hfs (version diskdev_cmds-557~393).

/dev/rdisk0s2: fsck_hfs run at Thu Jun 13 10:55:04 2013
/dev/rdisk0s2: ** /dev/rdisk0s2 (NO WRITE)
/dev/rdisk0s2: ** Root file system
/dev/rdisk0s2:    Executing fsck_hfs (version diskdev_cmds-557~393).

/dev/rdisk0s3: fsck_hfs run at Thu Jun 13 10:55:05 2013
/dev/rdisk0s3: ** /dev/rdisk0s3 (NO WRITE)
/dev/rdisk0s3:    Executing fsck_hfs (version diskdev_cmds-557~393).
QUICKCHECK ONLY; FILESYSTEM CLEAN

/dev/rdisk1s2: fsck_hfs run at Tue Jun 18 14:36:40 2013
/dev/rdisk1s2: ** /dev/rdisk1s2 (NO WRITE)
/dev/rdisk1s2:    Executing fsck_hfs (version diskdev_cmds-557~393).
QUICKCHECK ONLY; FILESYSTEM CLEAN

/dev/rdisk1s2: fsck_hfs run at Tue Jun 18 14:36:40 2013
/dev/rdisk1s2: ** /dev/rdisk1s2 (NO WRITE)
/dev/rdisk1s2:    Executing fsck_hfs (version diskdev_cmds-557~393).
QUICKCHECK ONLY; FILESYSTEM CLEAN

/dev/rdisk1s2: fsck_hfs run at Thu Jun 20 08:33:23 2013
/dev/rdisk1s2: ** /dev/rdisk1s2 (NO WRITE)
/dev/rdisk1s2:    Executing fsck_hfs (version diskdev_cmds-557~393).
QUICKCHECK ONLY; FILESYSTEM CLEAN

/dev/rdisk1s2: fsck_hfs run at Thu Jun 20 08:33:23 2013
/dev/rdisk1s2: ** /dev/rdisk1s2 (NO WRITE)
/dev/rdisk1s2:    Executing fsck_hfs (version diskdev_cmds-557~393).
QUICKCHECK ONLY; FILESYSTEM CLEAN

/dev/rdisk0s2: fsck_hfs run at Wed Jun 26 15:17:40 2013
** /dev/rdisk0s2 (NO WRITE)
** Root file system
   Executing fsck_hfs (version diskdev_cmds-557~393).

/dev/rdisk0s3: fsck_hfs run at Wed Jun 26 15:18:28 2013
/dev/rdisk0s3: ** /dev/rdisk0s3 (NO WRITE)
/dev/rdisk0s3:    Executing fsck_hfs (version diskdev_cmds-557~393).
QUICKCHECK ONLY; FILESYSTEM CLEAN

/dev/rdisk0s2: fsck_hfs run at Wed Jun 26 15:18:30 2013
/dev/rdisk0s2: ** /dev/rdisk0s2 (NO WRITE)
/dev/rdisk0s2: ** Root file system
/dev/rdisk0s2:    Executing fsck_hfs (version diskdev_cmds-557~393).

/dev/rdisk0s2: fsck_hfs run at Fri Jun 28 11:53:27 2013
** /dev/rdisk0s2 (NO WRITE)
** Root file system
   Executing fsck_hfs (version diskdev_cmds-557~393).

/dev/rdisk0s2: fsck_hfs run at Fri Jun 28 11:54:00 2013
/dev/rdisk0s2: ** /dev/rdisk0s2 (NO WRITE)
/dev/rdisk0s2: ** Root file system
/dev/rdisk0s2:    Executing fsck_hfs (version diskdev_cmds-557~393).

/dev/rdisk0s3: fsck_hfs run at Fri Jun 28 11:54:02 2013
/dev/rdisk0s3: ** /dev/rdisk0s3 (NO WRITE)
/dev/rdisk0s3:    Executing fsck_hfs (version diskdev_cmds-557~393).
QUICKCHECK ONLY; FILESYSTEM CLEAN

/dev/rdisk1s1s2: fsck_hfs run at Mon Jul  1 15:35:13 2013
/dev/rdisk1s1s2: ** /dev/rdisk1s1s2 (NO WRITE)
/dev/rdisk1s1s2:    Executing fsck_hfs (version diskdev_cmds-557~393).
QUICKCHECK ONLY; FILESYSTEM CLEAN

/dev/rdisk2s2: fsck_hfs run at Tue Jul  2 12:10:51 2013
/dev/rdisk2s2: ** /dev/rdisk2s2 (NO WRITE)
/dev/rdisk2s2:    Executing fsck_hfs (version diskdev_cmds-557~393).
QUICKCHECK ONLY; FILESYSTEM CLEAN

/dev/rdisk2s2: fsck_hfs run at Tue Jul  2 12:10:52 2013
/dev/rdisk2s2: ** /dev/rdisk2s2 (NO WRITE)
/dev/rdisk2s2:    Executing fsck_hfs (version diskdev_cmds-557~393).
QUICKCHECK ONLY; FILESYSTEM CLEAN

/dev/rdisk0s2: fsck_hfs run at Mon Jul  8 11:57:37 2013
** /dev/rdisk0s2 (NO WRITE)
** Root file system
   Executing fsck_hfs (version diskdev_cmds-557~393).

/dev/rdisk0s2: fsck_hfs run at Mon Jul  8 11:58:12 2013
/dev/rdisk0s2: ** /dev/rdisk0s2 (NO WRITE)
/dev/rdisk0s2: ** Root file system
/dev/rdisk0s2:    Executing fsck_hfs (version diskdev_cmds-557~393).

/dev/rdisk0s3: fsck_hfs run at Mon Jul  8 11:58:13 2013
/dev/rdisk0s3: ** /dev/rdisk0s3 (NO WRITE)
/dev/rdisk0s3:    Executing fsck_hfs (version diskdev_cmds-557~393).
QUICKCHECK ONLY; FILESYSTEM CLEAN
