
Fri Mar  1 06:24:39 EST 2013

Rotating fax log files:

Doing login accounting:
	total       36.01
	IMRC        27.70
	ashleyryan     3.94
	monicashell     2.00
	devanbicher     1.38
	jonathanchang     0.70
	ericshell     0.16
	root         0.14

-- End of monthly output --

Wed May  1 06:17:07 EDT 2013

Rotating fax log files:

Doing login accounting:
	total      315.73
	IMRC       227.91
	devanbicher    26.93
	ashleyryan    13.01
	josephdellinger    12.16
	wellesleyarreza    11.67
	munadmahinoor     8.25
	monicashell     6.73
	Taehongmin     4.58
	wilsonkong     3.13
	jonathanchang     0.70
	andrewlaw     0.35
	ericshell     0.16
	root         0.14

-- End of monthly output --

Sat Jun  1 05:33:32 EDT 2013

Rotating fax log files:

Doing login accounting:
	total      378.06
	IMRC       281.02
	devanbicher    26.93
	ashleyryan    13.01
	josephdellinger    12.16
	wellesleyarreza    11.67
	jinwang      8.58
	munadmahinoor     8.25
	monicashell     7.28
	Taehongmin     4.58
	wilsonkong     3.13
	jonathanchang     0.70
	andrewlaw     0.35
	ericshell     0.16
	root         0.14
	laurenglackin     0.09

-- End of monthly output --

Mon Jul  1 06:11:52 EDT 2013

Rotating fax log files:

Doing login accounting:
	total      486.39
	IMRC       281.02
	ashleyryan   113.84
	devanbicher    26.93
	josephdellinger    12.16
	wellesleyarreza    11.67
	jinwang      8.58
	munadmahinoor     8.25
	joshuaryan     7.43
	monicashell     7.28
	Taehongmin     4.58
	wilsonkong     3.13
	jonathanchang     0.70
	andrewlaw     0.35
	laurenglackin     0.18
	ericshell     0.16
	root         0.14

-- End of monthly output --
