
Sat Mar  2 03:25:18 EST 2013

Rebuilding whatis database:

-- End of weekly output --

Sat Mar  9 03:27:19 EST 2013

Rebuilding whatis database:

-- End of weekly output --

Sat Apr  6 04:05:42 EDT 2013

Rebuilding whatis database:

-- End of weekly output --

Sat Apr 13 04:17:36 EDT 2013

Rebuilding whatis database:

-- End of weekly output --

Sat May 11 03:18:50 EDT 2013

Rebuilding whatis database:

-- End of weekly output --

Sat May 18 04:54:20 EDT 2013

Rebuilding whatis database:

-- End of weekly output --

Sat May 25 05:14:07 EDT 2013

Rebuilding whatis database:

-- End of weekly output --

Sat Jun  1 03:15:32 EDT 2013

Rebuilding whatis database:

-- End of weekly output --

Sat Jun 15 04:42:25 EDT 2013

Rebuilding whatis database:

-- End of weekly output --

Sat Jun 22 04:37:18 EDT 2013

Rebuilding whatis database:

-- End of weekly output --

Sat Jun 29 04:00:02 EDT 2013

Rebuilding whatis database:

-- End of weekly output --
